OK 0, 0, 90
OK 0, 0, 89
OK 1, 0, 89
OK 1, 0, 89
OK 1, 0, 88
OK 2, 0, 88
OK 2, 0, 88
OK 2, 0, 87
OK 3, 0, 87
OK 3, 0, 87
OK 3, 0, 86
OK 4, 0, 86
OK 4, 0, 86
OK 4, 0, 85
OK 5, 0, 85
OK 5, 0, 85
OK 5, 0, 84
OK 6, 0, 84
OK 6, 0, 84
OK 6, 0, 83
OK 7, 0, 83
OK 7, 0, 83
OK 7, 0, 82
OK 8, 0, 82
OK 8, 0, 82
OK 8, 0, 81
OK 9, 0, 81
OK 9, 0, 81
OK 9, 0, 80
OK 10, 0, 80
OK 10, 0, 80
OK 10, 0, 79
OK 11, 0, 79
OK 11, 0, 79
OK 11, 0, 78
OK 12, 0, 78
OK 12, 0, 78
OK 12, 0, 77
OK 13, 0, 77
OK 13, 0, 77
OK 13, 0, 76
OK 14, 0, 76
OK 14, 0, 76
OK 14, 0, 75
OK 15, 0, 75
OK 15, 0, 75
OK 15, 0, 74
OK 16, 0, 74
OK 16, 0, 74
OK 16, 0, 73
OK 17, 0, 73
OK 17, 0, 73
OK 17, 0, 72
OK 18, 0, 72
OK 18, 0, 72
OK 18, 0, 71
OK 19, 0, 71
OK 19, 0, 71
OK 19, 0, 70
OK 20, 0, 70
OK 20, 0, 70
OK 20, 0, 69
OK 21, 0, 69
OK 21, 0, 69
OK 21, 0, 68
OK 22, 0, 68
OK 22, 0, 68
OK 22, 0, 67
OK 23, 0, 67
OK 23, 0, 67
OK 23, 0, 66
OK 24, 0, 66
OK 24, 0, 66
OK 24, 0, 65
OK 25, 0, 65
OK 25, 0, 65
OK 25, 0, 64
OK 26, 0, 64
OK 26, 0, 64
OK 26, 0, 63
OK 27, 0, 63
OK 27, 0, 63
OK 27, 0, 62
OK 28, 0, 62
OK 28, 0, 62
OK 28, 0, 61
OK 29, 0, 61
OK 29, 0, 61
OK 29, 0, 60
OK 30, 1, 60
OK 30, 1, 60
OK 30, 1, 59
OK 31, 2, 59
OK 31, 2, 59
OK 31, 2, 58
OK 32, 3, 58
OK 32, 3, 58
OK 32, 3, 57
OK 33, 4, 57
OK 33, 4, 57
OK 33, 4, 56
OK 34, 5, 56
OK 34, 5, 56
OK 34, 5, 55
OK 35, 6, 55
OK 35, 6, 55
OK 35, 6, 54
OK 36, 7, 54
OK 36, 7, 54
OK 36, 7, 53
OK 37, 8, 53
OK 37, 8, 53
OK 37, 8, 52
OK 38, 9, 52
OK 38, 9, 52
OK 38, 9, 51
OK 39, 10, 51
OK 39, 10, 51
OK 39, 10, 50
OK 40, 11, 50
OK 40, 11, 50
OK 40, 11, 49
OK 41, 12, 49
OK 41, 12, 49
OK 41, 12, 48
OK 42, 13, 48
OK 42, 13, 48
OK 42, 13, 47
OK 43, 14, 47
OK 43, 14, 47
OK 43, 14, 46
OK 44, 15, 46
OK 44, 15, 46
OK 44, 15, 45
OK 45, 16, 45
OK 45, 16, 45
OK 45, 16, 44
OK 46, 17, 44
OK 46, 17, 44
OK 46, 17, 43
OK 47, 18, 43
OK 47, 18, 43
OK 47, 18, 42
OK 48, 19, 42
OK 48, 19, 42
OK 48, 19, 41
OK 49, 20, 41
OK 49, 20, 41
OK 49, 20, 40
OK 50, 21, 40
OK 50, 21, 40
OK 50, 21, 39
OK 51, 22, 39
OK 51, 22, 39
OK 51, 22, 38
OK 52, 23, 38
OK 52, 23, 38
OK 52, 23, 37
OK 53, 24, 37
OK 53, 24, 37
OK 53, 24, 36
OK 54, 25, 36
OK 54, 25, 36
OK 54, 25, 35
OK 55, 26, 35
OK 55, 26, 35
OK 55, 26, 34
OK 56, 27, 34
OK 56, 27, 34
OK 56, 27, 33
OK 57, 28, 33
OK 57, 28, 33
OK 57, 28, 32
OK 58, 29, 32
OK 58, 29, 32
OK 58, 29, 31
OK 59, 30, 31
OK 59, 30, 31
OK 59, 30, 30
OK 60, 31, 30
OK 60, 31, 30
OK 60, 31, 29
OK 60, 32, 29
OK 60, 32, 29
OK 60, 32, 28
OK 60, 33, 28
OK 60, 33, 28
OK 60, 33, 27
OK 60, 34, 27
OK 60, 34, 27
OK 60, 34, 26
OK 60, 35, 26
OK 60, 35, 26
OK 60, 35, 25
OK 60, 36, 25
OK 60, 36, 25
OK 60, 36, 24
OK 60, 37, 24
OK 60, 37, 24
OK 60, 37, 23
OK 60, 38, 23
OK 60, 38, 23
OK 60, 38, 22
OK 60, 39, 22
OK 60, 39, 22
OK 60, 39, 21
OK 60, 40, 21
OK 60, 40, 21
OK 60, 40, 20
OK 60, 41, 20
OK 60, 41, 20
OK 60, 41, 19
OK 60, 42, 19
OK 60, 42, 19
OK 60, 42, 18
OK 60, 43, 18
OK 60, 43, 18
OK 60, 43, 17
OK 60, 44, 17
OK 60, 44, 17
OK 60, 44, 16
OK 60, 45, 16
OK 60, 45, 16
OK 60, 45, 15
OK 60, 46, 15
OK 60, 46, 15
OK 60, 46, 14
OK 60, 47, 14
OK 60, 47, 14
OK 60, 47, 13
OK 60, 48, 13
OK 60, 48, 13
OK 60, 48, 12
OK 60, 49, 12
OK 60, 49, 12
OK 60, 49, 11
OK 60, 50, 11
OK 60, 50, 11
OK 60, 50, 10
OK 60, 51, 10
OK 60, 51, 10
OK 60, 51, 9
OK 60, 52, 9
OK 60, 52, 9
OK 60, 52, 8
OK 60, 53, 8
OK 60, 53, 8
OK 60, 53, 7
OK 60, 54, 7
OK 60, 54, 7
OK 60, 54, 6
OK 60, 55, 6
OK 60, 55, 6
OK 60, 55, 5
OK 60, 56, 5
OK 60, 56, 5
OK 60, 56, 4
OK 60, 57, 4
OK 60, 57, 4
OK 60, 57, 3
OK 60, 58, 3
OK 60, 58, 3
OK 60, 58, 2
OK 60, 59, 2
OK 60, 59, 2
OK 60, 59, 1
OK 60, 60, 1
OK 60, 60, 1
OK 60, 60, 0
OK 60, 61, 0
OK 60, 61, 0
OK 60, 61, 359
OK 60, 62, 359
OK 60, 62, 359
OK 60, 62, 358
OK 60, 63, 358
OK 60, 63, 358
OK 60, 63, 357
OK 60, 64, 357
OK 60, 64, 357
OK 60, 64, 356
OK 60, 65, 356
OK 60, 65, 356
OK 60, 65, 355
OK 60, 66, 355
OK 60, 66, 355
OK 60, 66, 354
OK 60, 67, 354
OK 60, 67, 354
OK 60, 67, 353
OK 60, 68, 353
OK 60, 68, 353
OK 60, 68, 352
OK 60, 69, 352
OK 60, 69, 352
OK 60, 69, 351
OK 60, 70, 351
OK 60, 70, 351
OK 60, 70, 350
OK 60, 71, 350
OK 60, 71, 350
OK 60, 71, 349
OK 60, 72, 349
OK 60, 72, 349
OK 60, 72, 348
OK 60, 73, 348
OK 60, 73, 348
OK 60, 73, 347
OK 60, 74, 347
OK 60, 74, 347
OK 60, 74, 346
OK 60, 75, 346
OK 60, 75, 346
OK 60, 75, 345
OK 60, 76, 345
OK 60, 76, 345
OK 60, 76, 344
OK 60, 77, 344
OK 60, 77, 344
OK 60, 77, 343
OK 60, 78, 343
OK 60, 78, 343
OK 60, 78, 342
OK 60, 79, 342
OK 60, 79, 342
OK 60, 79, 341
OK 60, 80, 341
OK 60, 80, 341
OK 60, 80, 340
OK 60, 81, 340
OK 60, 81, 340
OK 60, 81, 339
OK 60, 82, 339
OK 60, 82, 339
OK 60, 82, 338
OK 60, 83, 338
OK 60, 83, 338
OK 60, 83, 337
OK 60, 84, 337
OK 60, 84, 337
OK 60, 84, 336
OK 60, 85, 336
OK 60, 85, 336
OK 60, 85, 335
OK 60, 86, 335
OK 60, 86, 335
OK 60, 86, 334
OK 60, 87, 334
OK 60, 87, 334
OK 60, 87, 333
OK 60, 88, 333
OK 60, 88, 333
OK 60, 88, 332
OK 60, 89, 332
OK 60, 89, 332
OK 60, 89, 331
OK 60, 90, 331
OK 60, 90, 331
OK 60, 90, 330
OK 60, 91, 330
OK 60, 91, 330
OK 60, 91, 329
OK 59, 92, 329
OK 59, 92, 329
OK 59, 92, 328
OK 58, 93, 328
OK 58, 93, 328
OK 58, 93, 327
OK 57, 94, 327
OK 57, 94, 327
OK 57, 94, 326
OK 56, 95, 326
OK 56, 95, 326
OK 56, 95, 325
OK 55, 96, 325
OK 55, 96, 325
OK 55, 96, 324
OK 54, 97, 324
OK 54, 97, 324
OK 54, 97, 323
OK 53, 98, 323
OK 53, 98, 323
OK 53, 98, 322
OK 52, 99, 322
OK 52, 99, 322
OK 52, 99, 321
OK 51, 100, 321
OK 51, 100, 321
OK 51, 100, 320
OK 50, 101, 320
OK 50, 101, 320
OK 50, 101, 319
OK 49, 102, 319
OK 49, 102, 319
OK 49, 102, 318
OK 48, 103, 318
OK 48, 103, 318
OK 48, 103, 317
OK 47, 104, 317
OK 47, 104, 317
OK 47, 104, 316
OK 46, 105, 316
OK 46, 105, 316
OK 46, 105, 315
OK 45, 106, 315
OK 45, 106, 315
OK 45, 106, 314
OK 44, 107, 314
OK 44, 107, 314
OK 44, 107, 313
OK 43, 108, 313
OK 43, 108, 313
OK 43, 108, 312
OK 42, 109, 312
OK 42, 109, 312
OK 42, 109, 311
OK 41, 110, 311
OK 41, 110, 311
OK 41, 110, 310
OK 40, 111, 310
OK 40, 111, 310
OK 40, 111, 309
OK 39, 112, 309
OK 39, 112, 309
OK 39, 112, 308
OK 38, 113, 308
OK 38, 113, 308
OK 38, 113, 307
OK 37, 114, 307
OK 37, 114, 307
OK 37, 114, 306
OK 36, 115, 306
OK 36, 115, 306
OK 36, 115, 305
OK 35, 116, 305
OK 35, 116, 305
OK 35, 116, 304
OK 34, 117, 304
OK 34, 117, 304
OK 34, 117, 303
OK 33, 118, 303
OK 33, 118, 303
OK 33, 118, 302
OK 32, 119, 302
OK 32, 119, 302
OK 32, 119, 301
OK 31, 120, 301
OK 31, 120, 301
OK 31, 120, 300
OK 30, 121, 300
OK 30, 121, 300
OK 30, 121, 299
OK 29, 121, 299
OK 29, 121, 299
OK 29, 121, 298
OK 28, 121, 298
OK 28, 121, 298
OK 28, 121, 297
OK 27, 121, 297
OK 27, 121, 297
OK 27, 121, 296
OK 26, 121, 296
OK 26, 121, 296
OK 26, 121, 295
OK 25, 121, 295
OK 25, 121, 295
OK 25, 121, 294
OK 24, 121, 294
OK 24, 121, 294
OK 24, 121, 293
OK 23, 121, 293
OK 23, 121, 293
OK 23, 121, 292
OK 22, 121, 292
OK 22, 121, 292
OK 22, 121, 291
OK 21, 121, 291
OK 21, 121, 291
OK 21, 121, 290
OK 20, 121, 290
OK 20, 121, 290
OK 20, 121, 289
OK 19, 121, 289
OK 19, 121, 289
OK 19, 121, 288
OK 18, 121, 288
OK 18, 121, 288
OK 18, 121, 287
OK 17, 121, 287
OK 17, 121, 287
OK 17, 121, 286
OK 16, 121, 286
OK 16, 121, 286
OK 16, 121, 285
OK 15, 121, 285
OK 15, 121, 285
OK 15, 121, 284
OK 14, 121, 284
OK 14, 121, 284
OK 14, 121, 283
OK 13, 121, 283
OK 13, 121, 283
OK 13, 121, 282
OK 12, 121, 282
OK 12, 121, 282
OK 12, 121, 281
OK 11, 121, 281
OK 11, 121, 281
OK 11, 121, 280
OK 10, 121, 280
OK 10, 121, 280
OK 10, 121, 279
OK 9, 121, 279
OK 9, 121, 279
OK 9, 121, 278
OK 8, 121, 278
OK 8, 121, 278
OK 8, 121, 277
OK 7, 121, 277
OK 7, 121, 277
OK 7, 121, 276
OK 6, 121, 276
OK 6, 121, 276
OK 6, 121, 275
OK 5, 121, 275
OK 5, 121, 275
OK 5, 121, 274
OK 4, 121, 274
OK 4, 121, 274
OK 4, 121, 273
OK 3, 121, 273
OK 3, 121, 273
OK 3, 121, 272
OK 2, 121, 272
OK 2, 121, 272
OK 2, 121, 271
OK 1, 121, 271
OK 1, 121, 271
OK 1, 121, 270
OK 0, 121, 270
OK 0, 121, 270
OK 0, 121, 269
OK -1, 121, 269
OK -1, 121, 269
OK -1, 121, 268
OK -2, 121, 268
OK -2, 121, 268
OK -2, 121, 267
OK -3, 121, 267
OK -3, 121, 267
OK -3, 121, 266
OK -4, 121, 266
OK -4, 121, 266
OK -4, 121, 265
OK -5, 121, 265
OK -5, 121, 265
OK -5, 121, 264
OK -6, 121, 264
OK -6, 121, 264
OK -6, 121, 263
OK -7, 121, 263
OK -7, 121, 263
OK -7, 121, 262
OK -8, 121, 262
OK -8, 121, 262
OK -8, 121, 261
OK -9, 121, 261
OK -9, 121, 261
OK -9, 121, 260
OK -10, 121, 260
OK -10, 121, 260
OK -10, 121, 259
OK -11, 121, 259
OK -11, 121, 259
OK -11, 121, 258
OK -12, 121, 258
OK -12, 121, 258
OK -12, 121, 257
OK -13, 121, 257
OK -13, 121, 257
OK -13, 121, 256
OK -14, 121, 256
OK -14, 121, 256
OK -14, 121, 255
OK -15, 121, 255
OK -15, 121, 255
OK -15, 121, 254
OK -16, 121, 254
OK -16, 121, 254
OK -16, 121, 253
OK -17, 121, 253
OK -17, 121, 253
OK -17, 121, 252
OK -18, 121, 252
OK -18, 121, 252
OK -18, 121, 251
OK -19, 121, 251
OK -19, 121, 251
OK -19, 121, 250
OK -20, 121, 250
OK -20, 121, 250
OK -20, 121, 249
OK -21, 121, 249
OK -21, 121, 249
OK -21, 121, 248
OK -22, 121, 248
OK -22, 121, 248
OK -22, 121, 247
OK -23, 121, 247
OK -23, 121, 247
OK -23, 121, 246
OK -24, 121, 246
OK -24, 121, 246
OK -24, 121, 245
OK -25, 121, 245
OK -25, 121, 245
OK -25, 121, 244
OK -26, 121, 244
OK -26, 121, 244
OK -26, 121, 243
OK -27, 121, 243
OK -27, 121, 243
OK -27, 121, 242
OK -28, 121, 242
OK -28, 121, 242
OK -28, 121, 241
OK -29, 121, 241
OK -29, 121, 241
OK -29, 121, 240
OK -30, 121, 240
OK -30, 121, 240
OK -30, 121, 239
OK -31, 120, 239
OK -31, 120, 239
OK -31, 120, 238
OK -32, 119, 238
OK -32, 119, 238
OK -32, 119, 237
OK -33, 118, 237
OK -33, 118, 237
OK -33, 118, 236
OK -34, 117, 236
OK -34, 117, 236
OK -34, 117, 235
OK -35, 116, 235
OK -35, 116, 235
OK -35, 116, 234
OK -36, 115, 234
OK -36, 115, 234
OK -36, 115, 233
OK -37, 114, 233
OK -37, 114, 233
OK -37, 114, 232
OK -38, 113, 232
OK -38, 113, 232
OK -38, 113, 231
OK -39, 112, 231
OK -39, 112, 231
OK -39, 112, 230
OK -40, 111, 230
OK -40, 111, 230
OK -40, 111, 229
OK -41, 110, 229
OK -41, 110, 229
OK -41, 110, 228
OK -42, 109, 228
OK -42, 109, 228
OK -42, 109, 227
OK -43, 108, 227
OK -43, 108, 227
OK -43, 108, 226
OK -44, 107, 226
OK -44, 107, 226
OK -44, 107, 225
OK -45, 106, 225
OK -45, 106, 225
OK -45, 106, 224
OK -46, 105, 224
OK -46, 105, 224
OK -46, 105, 223
OK -47, 104, 223
OK -47, 104, 223
OK -47, 104, 222
OK -48, 103, 222
OK -48, 103, 222
OK -48, 103, 221
OK -49, 102, 221
OK -49, 102, 221
OK -49, 102, 220
OK -50, 101, 220
OK -50, 101, 220
OK -50, 101, 219
OK -51, 100, 219
OK -51, 100, 219
OK -51, 100, 218
OK -52, 99, 218
OK -52, 99, 218
OK -52, 99, 217
OK -53, 98, 217
OK -53, 98, 217
OK -53, 98, 216
OK -54, 97, 216
OK -54, 97, 216
OK -54, 97, 215
OK -55, 96, 215
OK -55, 96, 215
OK -55, 96, 214
OK -56, 95, 214
OK -56, 95, 214
OK -56, 95, 213
OK -57, 94, 213
OK -57, 94, 213
OK -57, 94, 212
OK -58, 93, 212
OK -58, 93, 212
OK -58, 93, 211
OK -59, 92, 211
OK -59, 92, 211
OK -59, 92, 210
OK -59, 91, 210
OK -59, 91, 210
OK -59, 91, 209
OK -59, 90, 209
OK -59, 90, 209
OK -59, 90, 208
OK -59, 89, 208
OK -59, 89, 208
OK -59, 89, 207
OK -59, 88, 207
OK -59, 88, 207
OK -59, 88, 206
OK -59, 87, 206
OK -59, 87, 206
OK -59, 87, 205
OK -59, 86, 205
OK -59, 86, 205
OK -59, 86, 204
OK -59, 85, 204
OK -59, 85, 204
OK -59, 85, 203
OK -59, 84, 203
OK -59, 84, 203
OK -59, 84, 202
OK -59, 83, 202
OK -59, 83, 202
OK -59, 83, 201
OK -59, 82, 201
OK -59, 82, 201
OK -59, 82, 200
OK -59, 81, 200
OK -59, 81, 200
OK -59, 81, 199
OK -59, 80, 199
OK -59, 80, 199
OK -59, 80, 198
OK -59, 79, 198
OK -59, 79, 198
OK -59, 79, 197
OK -59, 78, 197
OK -59, 78, 197
OK -59, 78, 196
OK -59, 77, 196
OK -59, 77, 196
OK -59, 77, 195
OK -59, 76, 195
OK -59, 76, 195
OK -59, 76, 194
OK -59, 75, 194
OK -59, 75, 194
OK -59, 75, 193
OK -59, 74, 193
OK -59, 74, 193
OK -59, 74, 192
OK -59, 73, 192
OK -59, 73, 192
OK -59, 73, 191
OK -59, 72, 191
OK -59, 72, 191
OK -59, 72, 190
OK -59, 71, 190
OK -59, 71, 190
OK -59, 71, 189
OK -59, 70, 189
OK -59, 70, 189
OK -59, 70, 188
OK -59, 69, 188
OK -59, 69, 188
OK -59, 69, 187
OK -59, 68, 187
OK -59, 68, 187
OK -59, 68, 186
OK -59, 67, 186
OK -59, 67, 186
OK -59, 67, 185
OK -59, 66, 185
OK -59, 66, 185
OK -59, 66, 184
OK -59, 65, 184
OK -59, 65, 184
OK -59, 65, 183
OK -59, 64, 183
OK -59, 64, 183
OK -59, 64, 182
OK -59, 63, 182
OK -59, 63, 182
OK -59, 63, 181
OK -59, 62, 181
OK -59, 62, 181
OK -59, 62, 180
OK -59, 61, 180
OK -59, 61, 180
OK -59, 61, 179
OK -59, 60, 179
OK -59, 60, 179
OK -59, 60, 178
OK -59, 59, 178
OK -59, 59, 178
OK -59, 59, 177
OK -59, 58, 177
OK -59, 58, 177
OK -59, 58, 176
OK -59, 57, 176
OK -59, 57, 176
OK -59, 57, 175
OK -59, 56, 175
OK -59, 56, 175
OK -59, 56, 174
OK -59, 55, 174
OK -59, 55, 174
OK -59, 55, 173
OK -59, 54, 173
OK -59, 54, 173
OK -59, 54, 172
OK -59, 53, 172
OK -59, 53, 172
OK -59, 53, 171
OK -59, 52, 171
OK -59, 52, 171
OK -59, 52, 170
OK -59, 51, 170
OK -59, 51, 170
OK -59, 51, 169
OK -59, 50, 169
OK -59, 50, 169
OK -59, 50, 168
OK -59, 49, 168
OK -59, 49, 168
OK -59, 49, 167
OK -59, 48, 167
OK -59, 48, 167
OK -59, 48, 166
OK -59, 47, 166
OK -59, 47, 166
OK -59, 47, 165
OK -59, 46, 165
OK -59, 46, 165
OK -59, 46, 164
OK -59, 45, 164
OK -59, 45, 164
OK -59, 45, 163
OK -59, 44, 163
OK -59, 44, 163
OK -59, 44, 162
OK -59, 43, 162
OK -59, 43, 162
OK -59, 43, 161
OK -59, 42, 161
OK -59, 42, 161
OK -59, 42, 160
OK -59, 41, 160
OK -59, 41, 160
OK -59, 41, 159
OK -59, 40, 159
OK -59, 40, 159
OK -59, 40, 158
OK -59, 39, 158
OK -59, 39, 158
OK -59, 39, 157
OK -59, 38, 157
OK -59, 38, 157
OK -59, 38, 156
OK -59, 37, 156
OK -59, 37, 156
OK -59, 37, 155
OK -59, 36, 155
OK -59, 36, 155
OK -59, 36, 154
OK -59, 35, 154
OK -59, 35, 154
OK -59, 35, 153
OK -59, 34, 153
OK -59, 34, 153
OK -59, 34, 152
OK -59, 33, 152
OK -59, 33, 152
OK -59, 33, 151
OK -59, 32, 151
OK -59, 32, 151
OK -59, 32, 150
OK -58, 31, 150
OK -58, 31, 150
OK -58, 31, 149
OK -57, 30, 149
OK -57, 30, 149
OK -57, 30, 148
OK -56, 29, 148
OK -56, 29, 148
OK -56, 29, 147
OK -55, 28, 147
OK -55, 28, 147
OK -55, 28, 146
OK -54, 27, 146
OK -54, 27, 146
OK -54, 27, 145
OK -53, 26, 145
OK -53, 26, 145
OK -53, 26, 144
OK -52, 25, 144
OK -52, 25, 144
OK -52, 25, 143
OK -51, 24, 143
OK -51, 24, 143
OK -51, 24, 142
OK -50, 23, 142
OK -50, 23, 142
OK -50, 23, 141
OK -49, 22, 141
OK -49, 22, 141
OK -49, 22, 140
OK -48, 21, 140
OK -48, 21, 140
OK -48, 21, 139
OK -47, 20, 139
OK -47, 20, 139
OK -47, 20, 138
OK -46, 19, 138
OK -46, 19, 138
OK -46, 19, 137
OK -45, 18, 137
OK -45, 18, 137
OK -45, 18, 136
OK -44, 17, 136
OK -44, 17, 136
OK -44, 17, 135
OK -43, 16, 135
OK -43, 16, 135
OK -43, 16, 134
OK -42, 15, 134
OK -42, 15, 134
OK -42, 15, 133
OK -41, 14, 133
OK -41, 14, 133
OK -41, 14, 132
OK -40, 13, 132
OK -40, 13, 132
OK -40, 13, 131
OK -39, 12, 131
OK -39, 12, 131
OK -39, 12, 130
OK -38, 11, 130
OK -38, 11, 130
OK -38, 11, 129
OK -37, 10, 129
OK -37, 10, 129
OK -37, 10, 128
OK -36, 9, 128
OK -36, 9, 128
OK -36, 9, 127
OK -35, 8, 127
OK -35, 8, 127
OK -35, 8, 126
OK -34, 7, 126
OK -34, 7, 126
OK -34, 7, 125
OK -33, 6, 125
OK -33, 6, 125
OK -33, 6, 124
OK -32, 5, 124
OK -32, 5, 124
OK -32, 5, 123
OK -31, 4, 123
OK -31, 4, 123
OK -31, 4, 122
OK -30, 3, 122
OK -30, 3, 122
OK -30, 3, 121
OK -29, 2, 121
OK -29, 2, 121
OK -29, 2, 120
OK -28, 2, 120
OK -28, 2, 120
OK -28, 2, 119
OK -27, 2, 119
OK -27, 2, 119
OK -27, 2, 118
OK -26, 2, 118
OK -26, 2, 118
OK -26, 2, 117
OK -25, 2, 117
OK -25, 2, 117
OK -25, 2, 116
OK -24, 2, 116
OK -24, 2, 116
OK -24, 2, 115
OK -23, 2, 115
OK -23, 2, 115
OK -23, 2, 114
OK -22, 2, 114
OK -22, 2, 114
OK -22, 2, 113
OK -21, 2, 113
OK -21, 2, 113
OK -21, 2, 112
OK -20, 2, 112
OK -20, 2, 112
OK -20, 2, 111
OK -19, 2, 111
OK -19, 2, 111
OK -19, 2, 110
OK -18, 2, 110
OK -18, 2, 110
OK -18, 2, 109
OK -17, 2, 109
OK -17, 2, 109
OK -17, 2, 108
OK -16, 2, 108
OK -16, 2, 108
OK -16, 2, 107
OK -15, 2, 107
OK -15, 2, 107
OK -15, 2, 106
OK -14, 2, 106
OK -14, 2, 106
OK -14, 2, 105
OK -13, 2, 105
OK -13, 2, 105
OK -13, 2, 104
OK -12, 2, 104
OK -12, 2, 104
OK -12, 2, 103
OK -11, 2, 103
OK -11, 2, 103
OK -11, 2, 102
OK -10, 2, 102
OK -10, 2, 102
OK -10, 2, 101
OK -9, 2, 101
OK -9, 2, 101
OK -9, 2, 100
OK -8, 2, 100
OK -8, 2, 100
OK -8, 2, 99
OK -7, 2, 99
OK -7, 2, 99
OK -7, 2, 98
OK -6, 2, 98
OK -6, 2, 98
OK -6, 2, 97
OK -5, 2, 97
OK -5, 2, 97
OK -5, 2, 96
OK -4, 2, 96
OK -4, 2, 96
OK -4, 2, 95
OK -3, 2, 95
OK -3, 2, 95
OK -3, 2, 94
OK -2, 2, 94
OK -2, 2, 94
OK -2, 2, 93
OK -1, 2, 93
OK -1, 2, 93
OK -1, 2, 92
OK 0, 2, 92
OK 0, 2, 92
OK 0, 2, 91
OK 1, 2, 91
OK 1, 2, 91
OK 1, 2, 90
OK 2, 2, 90
OK 2, 2, 90
