OK 0, 0, 90
OK 0, 0, 85
OK 0, 0, 355
OK -8, 90, 355
OK -8, 90, 265
OK -53, 86, 265
OK -53, 86, 175
OK -45, -4, 175
OK -45, -4, 85
OK 0, 0, 85
OK 0, 0, 85
OK 0, 0, 80
OK 0, 0, 350
OK -16, 89, 350
OK -16, 89, 260
OK -60, 81, 260
OK -60, 81, 170
OK -44, -8, 170
OK -44, -8, 80
OK 0, 0, 80
OK 0, 0, 80
OK 0, 0, 75
OK 0, 0, 345
OK -23, 87, 345
OK -23, 87, 255
OK -66, 75, 255
OK -66, 75, 165
OK -43, -12, 165
OK -43, -12, 75
OK 0, 0, 75
OK 0, 0, 75
OK 0, 0, 70
OK 0, 0, 340
OK -31, 85, 340
OK -31, 85, 250
OK -73, 70, 250
OK -73, 70, 160
OK -42, -15, 160
OK -42, -15, 70
OK 0, 0, 70
OK 0, 0, 70
OK 0, 0, 65
OK 0, 0, 335
OK -38, 82, 335
OK -38, 82, 245
OK -79, 63, 245
OK -79, 63, 155
OK -41, -19, 155
OK -41, -19, 65
OK 0, 0, 65
OK 0, 0, 65
OK 0, 0, 60
OK 0, 0, 330
OK -45, 78, 330
OK -45, 78, 240
OK -84, 55, 240
OK -84, 55, 150
OK -39, -23, 150
OK -39, -23, 60
OK 0, 0, 60
OK 0, 0, 60
OK 0, 0, 55
OK 0, 0, 325
OK -52, 74, 325
OK -52, 74, 235
OK -89, 48, 235
OK -89, 48, 145
OK -37, -26, 145
OK -37, -26, 55
OK 0, 0, 55
OK 0, 0, 55
OK 0, 0, 50
OK 0, 0, 320
OK -58, 69, 320
OK -58, 69, 230
OK -92, 40, 230
OK -92, 40, 140
OK -34, -29, 140
OK -34, -29, 50
OK 0, 0, 50
OK 0, 0, 50
OK 0, 0, 45
OK 0, 0, 315
OK -64, 64, 315
OK -64, 64, 225
OK -96, 32, 225
OK -96, 32, 135
OK -32, -32, 135
OK -32, -32, 45
OK 0, 0, 45
OK 0, 0, 45
OK 0, 0, 40
OK 0, 0, 310
OK -69, 58, 310
OK -69, 58, 220
OK -98, 24, 220
OK -98, 24, 130
OK -29, -34, 130
OK -29, -34, 40
OK 0, 0, 40
OK 0, 0, 40
OK 0, 0, 35
OK 0, 0, 305
OK -74, 52, 305
OK -74, 52, 215
OK -100, 15, 215
OK -100, 15, 125
OK -26, -37, 125
OK -26, -37, 35
OK 0, 0, 35
OK 0, 0, 35
OK 0, 0, 30
OK 0, 0, 300
OK -78, 45, 300
OK -78, 45, 210
OK -100, 6, 210
OK -100, 6, 120
OK -22, -39, 120
OK -22, -39, 30
OK 0, 0, 30
OK 0, 0, 30
OK 0, 0, 25
OK 0, 0, 295
OK -82, 38, 295
OK -82, 38, 205
OK -101, -3, 205
OK -101, -3, 115
OK -19, -41, 115
OK -19, -41, 25
OK 0, 0, 25
OK 0, 0, 25
OK 0, 0, 20
OK 0, 0, 290
OK -85, 31, 290
OK -85, 31, 200
OK -100, -11, 200
OK -100, -11, 110
OK -15, -42, 110
OK -15, -42, 20
OK 0, 0, 20
OK 0, 0, 20
OK 0, 0, 15
OK 0, 0, 285
OK -87, 23, 285
OK -87, 23, 195
OK -99, -20, 195
OK -99, -20, 105
OK -12, -43, 105
OK -12, -43, 15
OK 0, 0, 15
OK 0, 0, 15
OK 0, 0, 10
OK 0, 0, 280
OK -89, 16, 280
OK -89, 16, 190
OK -97, -28, 190
OK -97, -28, 100
OK -8, -44, 100
OK -8, -44, 10
OK 0, 0, 10
OK 0, 0, 10
OK 0, 0, 5
OK 0, 0, 275
OK -90, 8, 275
OK -90, 8, 185
OK -94, -37, 185
OK -94, -37, 95
OK -4, -45, 95
OK -4, -45, 5
OK 0, 0, 5
OK 0, 0, 5
OK 0, 0, 0
OK 0, 0, 270
OK -90, 0, 270
OK -90, 0, 180
OK -90, -45, 180
OK -90, -45, 90
OK 0, -45, 90
OK 0, -45, 0
OK 0, 0, 0
OK 0, 0, 0
OK 0, 0, 355
OK 0, 0, 265
OK -90, -8, 265
OK -90, -8, 175
OK -86, -53, 175
OK -86, -53, 85
OK 4, -45, 85
OK 4, -45, 355
OK 0, 0, 355
OK 0, 0, 355
OK 0, 0, 350
OK 0, 0, 260
OK -89, -16, 260
OK -89, -16, 170
OK -81, -60, 170
OK -81, -60, 80
OK 8, -44, 80
OK 8, -44, 350
OK 0, 0, 350
OK 0, 0, 350
OK 0, 0, 345
OK 0, 0, 255
OK -87, -23, 255
OK -87, -23, 165
OK -75, -66, 165
OK -75, -66, 75
OK 12, -43, 75
OK 12, -43, 345
OK 0, 0, 345
OK 0, 0, 345
OK 0, 0, 340
OK 0, 0, 250
OK -85, -31, 250
OK -85, -31, 160
OK -70, -73, 160
OK -70, -73, 70
OK 15, -42, 70
OK 15, -42, 340
OK 0, 0, 340
OK 0, 0, 340
OK 0, 0, 335
OK 0, 0, 245
OK -82, -38, 245
OK -82, -38, 155
OK -63, -79, 155
OK -63, -79, 65
OK 19, -41, 65
OK 19, -41, 335
OK 0, 0, 335
OK 0, 0, 335
OK 0, 0, 330
OK 0, 0, 240
OK -78, -45, 240
OK -78, -45, 150
OK -55, -84, 150
OK -55, -84, 60
OK 23, -39, 60
OK 23, -39, 330
OK 0, 0, 330
OK 0, 0, 330
OK 0, 0, 325
OK 0, 0, 235
OK -74, -52, 235
OK -74, -52, 145
OK -48, -89, 145
OK -48, -89, 55
OK 26, -37, 55
OK 26, -37, 325
OK 0, 0, 325
OK 0, 0, 325
OK 0, 0, 320
OK 0, 0, 230
OK -69, -58, 230
OK -69, -58, 140
OK -40, -92, 140
OK -40, -92, 50
OK 29, -34, 50
OK 29, -34, 320
OK 0, 0, 320
OK 0, 0, 320
OK 0, 0, 315
OK 0, 0, 225
OK -64, -64, 225
OK -64, -64, 135
OK -32, -96, 135
OK -32, -96, 45
OK 32, -32, 45
OK 32, -32, 315
OK 0, 0, 315
OK 0, 0, 315
OK 0, 0, 310
OK 0, 0, 220
OK -58, -69, 220
OK -58, -69, 130
OK -24, -98, 130
OK -24, -98, 40
OK 34, -29, 40
OK 34, -29, 310
OK 0, 0, 310
OK 0, 0, 310
OK 0, 0, 305
OK 0, 0, 215
OK -52, -74, 215
OK -52, -74, 125
OK -15, -100, 125
OK -15, -100, 35
OK 37, -26, 35
OK 37, -26, 305
OK 0, 0, 305
OK 0, 0, 305
OK 0, 0, 300
OK 0, 0, 210
OK -45, -78, 210
OK -45, -78, 120
OK -6, -100, 120
OK -6, -100, 30
OK 39, -22, 30
OK 39, -22, 300
OK 0, 1, 300
OK 0, 1, 300
OK 0, 1, 295
OK 0, 1, 205
OK -38, -81, 205
OK -38, -81, 115
OK 3, -100, 115
OK 3, -100, 25
OK 41, -18, 25
OK 41, -18, 295
OK 0, 1, 295
OK 0, 1, 295
OK 0, 1, 290
OK 0, 1, 200
OK -31, -84, 200
OK -31, -84, 110
OK 11, -99, 110
OK 11, -99, 20
OK 42, -14, 20
OK 42, -14, 290
OK 0, 1, 290
OK 0, 1, 290
OK 0, 1, 285
OK 0, 1, 195
OK -23, -86, 195
OK -23, -86, 105
OK 20, -98, 105
OK 20, -98, 15
OK 43, -11, 15
OK 43, -11, 285
OK 0, 1, 285
OK 0, 1, 285
OK 0, 1, 280
OK 0, 1, 190
OK -16, -88, 190
OK -16, -88, 100
OK 28, -96, 100
OK 28, -96, 10
OK 44, -7, 10
OK 44, -7, 280
OK 0, 1, 280
OK 0, 1, 280
OK 0, 1, 275
OK 0, 1, 185
OK -8, -89, 185
OK -8, -89, 95
OK 37, -93, 95
OK 37, -93, 5
OK 45, -3, 5
OK 45, -3, 275
OK 0, 1, 275
OK 0, 1, 275
