OK 0, 0, 90
OK 0, 0, 85
OK 0, 0, 355
OK -8, 90, 355
OK -8, 90, 265
OK -53, 86, 265
OK -53, 86, 175
OK -45, -4, 175
OK -45, -4, 85
OK 0, 0, 85
OK 0, 0, 85
OK 0, 0, 80
OK 0, 0, 350
OK -16, 89, 350
OK -16, 89, 260
OK -60, 81, 260
OK -60, 81, 170
OK -44, -8, 170
OK -44, -8, 80
OK 0, 0, 80
OK 0, 0, 80
OK 0, 0, 75
OK 0, 0, 345
OK -23, 87, 345
OK -23, 87, 255
OK -66, 75, 255
OK -66, 75, 165
OK -43, -12, 165
OK -43, -12, 75
OK 0, 0, 75
OK 0, 0, 75
OK 0, 0, 70
OK 0, 0, 340
OK -31, 85, 340
OK -31, 85, 250
OK -73, 70, 250
OK -73, 70, 160
OK -42, -15, 160
OK -42, -15, 70
OK 0, 0, 70
OK 0, 0, 70
OK 0, 0, 65
OK 0, 0, 335
OK -38, 82, 335
OK -38, 82, 245
OK -79, 63, 245
OK -79, 63, 155
OK -41, -19, 155
OK -41, -19, 65
OK 0, 0, 65
OK 0, 0, 65
OK 0, 0, 60
OK 0, 0, 330
OK -45, 78, 330
OK -45, 78, 240
OK -84, 55, 240
OK -84, 55, 150
OK -39, -23, 150
OK -39, -23, 60
OK 0, 0, 60
OK 0, 0, 60
OK 0, 0, 55
OK 0, 0, 325
OK -52, 74, 325
OK -52, 74, 235
OK -89, 48, 235
OK -89, 48, 145
OK -37, -26, 145
OK -37, -26, 55
OK 0, 0, 55
OK 0, 0, 55
OK 0, 0, 50
OK 0, 0, 320
OK -58, 69, 320
OK -58, 69, 230
OK -92, 40, 230
OK -92, 40, 140
OK -34, -29, 140
OK -34, -29, 50
OK 0, 0, 50
OK 0, 0, 50
OK 0, 0, 45
OK 0, 0, 315
OK -64, 64, 315
OK -64, 64, 225
OK -96, 32, 225
OK -96, 32, 135
OK -32, -32, 135
OK -32, -32, 45
OK 0, 0, 45
OK 0, 0, 45
OK 0, 0, 40
OK 0, 0, 310
OK -69, 58, 310
OK -69, 58, 220
OK -98, 24, 220
OK -98, 24, 130
OK -29, -34, 130
OK -29, -34, 40
OK 0, 0, 40
OK 0, 0, 40
OK 0, 0, 35
OK 0, 0, 305
OK -74, 52, 305
OK -74, 52, 215
OK -100, 15, 215
OK -100, 15, 125
OK -26, -37, 125
OK -26, -37, 35
OK 0, 0, 35
OK 0, 0, 35
OK 0, 0, 30
OK 0, 0, 300
OK -78, 45, 300
OK -78, 45, 210
OK -100, 6, 210
OK -100, 6, 120
OK -22, -39, 120
OK -22, -39, 30
OK 0, 0, 30
OK 0, 0, 30
OK 0, 0, 25
OK 0, 0, 295
OK -82, 38, 295
OK -82, 38, 205
OK -101, -3, 205
OK -101, -3, 115
OK -19, -41, 115
OK -19, -41, 25
OK 0, 0, 25
OK 0, 0, 25
OK 0, 0, 20
OK 0, 0, 290
OK -85, 31, 290
OK -85, 31, 200
OK -100, -11, 200
OK -100, -11, 110
OK -15, -42, 110
OK -15, -42, 20
OK 0, 0, 20
OK 0, 0, 20
OK 0, 0, 15
OK 0, 0, 285
OK -87, 23, 285
OK -87, 23, 195
OK -99, -20, 195
OK -99, -20, 105
OK -12, -43, 105
OK -12, -43, 15
OK 0, 0, 15
OK 0, 0, 15
OK 0, 0, 10
OK 0, 0, 280
OK -89, 16, 280
OK -89, 16, 190
OK -97, -28, 190
OK -97, -28, 100
OK -8, -44, 100
OK -8, -44, 10
OK 0, 0, 10
OK 0, 0, 10
OK 0, 0, 5
OK 0, 0, 275
OK -90, 8, 275
OK -90, 8, 185
OK -94, -37, 185
OK -94, -37, 95
OK -4, -45, 95
OK -4, -45, 5
OK 0, 0, 5
OK 0, 0, 5
OK 0, 0, 0
OK 0, 0, 270
OK -90, 0, 270
OK -90, 0, 180
OK -90, -45, 180
OK -90, -45, 90
OK 0, -45, 90
OK 0, -45, 0
OK 0, 0, 0
OK 0, 0, 0
OK 0, 0, 355
OK 0, 0, 265
OK -90, -8, 265
OK -90, -8, 175
OK -86, -53, 175
OK -86, -53, 85
OK 4, -45, 85
OK 4, -45, 355
OK 0, 0, 355
OK 0, 0, 355
OK 0, 0, 350
OK 0, 0, 260
OK -89, -16, 260
OK -89, -16, 170
OK -81, -60, 170
OK -81, -60, 80
OK 8, -44, 80
OK 8, -44, 350
OK 0, 0, 350
OK 0, 0, 350
OK 0, 0, 345
OK 0, 0, 255
OK -87, -23, 255
OK -87, -23, 165
OK -75, -66, 165
OK -75, -66, 75
OK 12, -43, 75
OK 12, -43, 345
OK 0, 0, 345
OK 0, 0, 345
OK 0, 0, 340
OK 0, 0, 250
OK -85, -31, 250
OK -85, -31, 160
OK -70, -73, 160
OK -70, -73, 70
OK 15, -42, 70
OK 15, -42, 340
OK 0, 0, 340
OK 0, 0, 340
OK 0, 0, 335
OK 0, 0, 245
OK -82, -38, 245
OK -82, -38, 155
OK -63, -79, 155
OK -63, -79, 65
OK 19, -41, 65
OK 19, -41, 335
OK 0, 0, 335
OK 0, 0, 335
OK 0, 0, 330
OK 0, 0, 240
OK -78, -45, 240
OK -78, -45, 150
OK -55, -84, 150
OK -55, -84, 60
OK 23, -39, 60
OK 23, -39, 330
OK 0, 0, 330
OK 0, 0, 330
OK 0, 0, 325
OK 0, 0, 235
OK -74, -52, 235
OK -74, -52, 145
OK -48, -89, 145
OK -48, -89, 55
OK 26, -37, 55
OK 26, -37, 325
OK 0, 0, 325
OK 0, 0, 325
OK 0, 0, 320
OK 0, 0, 230
OK -69, -58, 230
OK -69, -58, 140
OK -40, -92, 140
OK -40, -92, 50
OK 29, -34, 50
OK 29, -34, 320
OK 0, 0, 320
OK 0, 0, 320
OK 0, 0, 315
OK 0, 0, 225
OK -64, -64, 225
OK -64, -64, 135
OK -32, -96, 135
OK -32, -96, 45
OK 32, -32, 45
OK 32, -32, 315
OK 0, 0, 315
OK 0, 0, 315
OK 0, 0, 310
OK 0, 0, 220
OK -58, -69, 220
OK -58, -69, 130
OK -24, -98, 130
OK -24, -98, 40
OK 34, -29, 40
OK 34, -29, 310
OK 0, 0, 310
OK 0, 0, 310
OK 0, 0, 305
OK 0, 0, 215
OK -52, -74, 215
OK -52, -74, 125
OK -15, -100, 125
OK -15, -100, 35
OK 37, -26, 35
OK 37, -26, 305
OK 0, 0, 305
OK 0, 0, 305
OK 0, 0, 300
OK 0, 0, 210
OK -45, -78, 210
OK -45, -78, 120
OK -6, -100, 120
OK -6, -100, 30
OK 39, -22, 30
OK 39, -22, 300
OK 0, 1, 300
OK 0, 1, 300
OK 0, 1, 295
OK 0, 1, 205
OK -38, -81, 205
OK -38, -81, 115
OK 3, -100, 115
OK 3, -100, 25
OK 41, -18, 25
OK 41, -18, 295
OK 0, 1, 295
OK 0, 1, 295
OK 0, 1, 290
OK 0, 1, 200
OK -31, -84, 200
OK -31, -84, 110
OK 11, -99, 110
OK 11, -99, 20
OK 42, -14, 20
OK 42, -14, 290
OK 0, 1, 290
OK 0, 1, 290
OK 0, 1, 285
OK 0, 1, 195
OK -23, -86, 195
OK -23, -86, 105
OK 20, -98, 105
OK 20, -98, 15
OK 43, -11, 15
OK 43, -11, 285
OK 0, 1, 285
OK 0, 1, 285
OK 0, 1, 280
OK 0, 1, 190
OK -16, -88, 190
OK -16, -88, 100
OK 28, -96, 100
OK 28, -96, 10
OK 44, -7, 10
OK 44, -7, 280
OK 0, 1, 280
OK 0, 1, 280
OK 0, 1, 275
OK 0, 1, 185
OK -8, -89, 185
OK -8, -89, 95
OK 37, -93, 95
OK 37, -93, 5
OK 45, -3, 5
OK 45, -3, 275
OK 0, 1, 275
OK 0, 1, 275
OK 0, 0, 275
OK 0, 0, 275
OK 0, 0, 275
OK 0, 0, 270
OK 0, 0, 180
OK 0, -90, 180
OK 0, -90, 90
OK 45, -90, 90
OK 45, -90, 0
OK 45, 0, 0
OK 45, 0, 270
OK 0, 0, 270
OK 0, 0, 270
OK 0, 0, 265
OK 0, 0, 175
OK 8, -90, 175
OK 8, -90, 85
OK 53, -86, 85
OK 53, -86, 355
OK 45, 4, 355
OK 45, 4, 265
OK 0, 0, 265
OK 0, 0, 265
OK 0, 0, 260
OK 0, 0, 170
OK 16, -89, 170
OK 16, -89, 80
OK 60, -81, 80
OK 60, -81, 350
OK 44, 8, 350
OK 44, 8, 260
OK 0, 0, 260
OK 0, 0, 260
OK 0, 0, 255
OK 0, 0, 165
OK 23, -87, 165
OK 23, -87, 75
OK 66, -75, 75
OK 66, -75, 345
OK 43, 12, 345
OK 43, 12, 255
OK 0, 0, 255
OK 0, 0, 255
OK 0, 0, 250
OK 0, 0, 160
OK 31, -85, 160
OK 31, -85, 70
OK 73, -70, 70
OK 73, -70, 340
OK 42, 15, 340
OK 42, 15, 250
OK 0, 0, 250
OK 0, 0, 250
OK 0, 0, 245
OK 0, 0, 155
OK 38, -82, 155
OK 38, -82, 65
OK 79, -63, 65
OK 79, -63, 335
OK 41, 19, 335
OK 41, 19, 245
OK 0, 0, 245
OK 0, 0, 245
OK 0, 0, 240
OK 0, 0, 150
OK 45, -78, 150
OK 45, -78, 60
OK 84, -55, 60
OK 84, -55, 330
OK 39, 23, 330
OK 39, 23, 240
OK 0, 0, 240
OK 0, 0, 240
OK 0, 0, 235
OK 0, 0, 145
OK 52, -74, 145
OK 52, -74, 55
OK 89, -48, 55
OK 89, -48, 325
OK 37, 26, 325
OK 37, 26, 235
OK 0, 0, 235
OK 0, 0, 235
OK 0, 0, 230
OK 0, 0, 140
OK 58, -69, 140
OK 58, -69, 50
OK 92, -40, 50
OK 92, -40, 320
OK 34, 29, 320
OK 34, 29, 230
OK 0, 0, 230
OK 0, 0, 230
OK 0, 0, 225
OK 0, 0, 135
OK 64, -64, 135
OK 64, -64, 45
OK 96, -32, 45
OK 96, -32, 315
OK 32, 32, 315
OK 32, 32, 225
OK 0, 0, 225
OK 0, 0, 225
OK 0, 0, 220
OK 0, 0, 130
OK 69, -58, 130
OK 69, -58, 40
OK 98, -24, 40
OK 98, -24, 310
OK 29, 34, 310
OK 29, 34, 220
OK 0, 0, 220
OK 0, 0, 220
OK 0, 0, 215
OK 0, 0, 125
OK 74, -52, 125
OK 74, -52, 35
OK 100, -15, 35
OK 100, -15, 305
OK 26, 37, 305
OK 26, 37, 215
OK 0, 0, 215
OK 0, 0, 215
OK 0, 0, 210
OK 0, 0, 120
OK 78, -45, 120
OK 78, -45, 30
OK 101, -6, 30
OK 101, -6, 300
OK 23, 39, 300
OK 23, 39, 210
OK 0, 0, 210
OK 0, 0, 210
OK 0, 0, 205
OK 0, 0, 115
OK 82, -38, 115
OK 82, -38, 25
OK 101, 3, 25
OK 101, 3, 295
OK 19, 41, 295
OK 19, 41, 205
OK 0, 0, 205
OK 0, 0, 205
OK 0, 0, 200
OK 0, 0, 110
OK 85, -31, 110
OK 85, -31, 20
OK 100, 11, 20
OK 100, 11, 290
OK 15, 42, 290
OK 15, 42, 200
OK 0, 0, 200
OK 0, 0, 200
OK 0, 0, 195
OK 0, 0, 105
OK 87, -23, 105
OK 87, -23, 15
OK 99, 20, 15
OK 99, 20, 285
OK 12, 43, 285
OK 12, 43, 195
OK 0, 0, 195
OK 0, 0, 195
OK 0, 0, 190
OK 0, 0, 100
OK 89, -16, 100
OK 89, -16, 10
OK 97, 28, 10
OK 97, 28, 280
OK 8, 44, 280
OK 8, 44, 190
OK 0, 0, 190
OK 0, 0, 190
OK 0, 0, 185
OK 0, 0, 95
OK 90, -8, 95
OK 90, -8, 5
OK 94, 37, 5
OK 94, 37, 275
OK 4, 45, 275
OK 4, 45, 185
OK 0, 0, 185
OK 0, 0, 185
OK 0, 0, 180
OK 0, 0, 90
OK 90, 0, 90
OK 90, 0, 0
OK 90, 45, 0
OK 90, 45, 270
OK 0, 45, 270
OK 0, 45, 180
OK 0, 0, 180
OK 0, 0, 180
OK 0, 0, 175
OK 0, 0, 85
OK 90, 8, 85
OK 90, 8, 355
OK 86, 53, 355
OK 86, 53, 265
OK -4, 45, 265
OK -4, 45, 175
OK 0, 0, 175
OK 0, 0, 175
OK 0, 0, 170
OK 0, 0, 80
OK 89, 16, 80
OK 89, 16, 350
OK 81, 60, 350
OK 81, 60, 260
OK -8, 44, 260
OK -8, 44, 170
OK 0, 0, 170
OK 0, 0, 170
OK 0, 0, 165
OK 0, 0, 75
OK 87, 23, 75
OK 87, 23, 345
OK 75, 66, 345
OK 75, 66, 255
OK -12, 43, 255
OK -12, 43, 165
OK 0, 0, 165
OK 0, 0, 165
OK 0, 0, 160
OK 0, 0, 70
OK 85, 31, 70
OK 85, 31, 340
OK 70, 73, 340
OK 70, 73, 250
OK -15, 42, 250
OK -15, 42, 160
OK 0, 0, 160
OK 0, 0, 160
OK 0, 0, 155
OK 0, 0, 65
OK 82, 38, 65
OK 82, 38, 335
OK 63, 79, 335
OK 63, 79, 245
OK -19, 41, 245
OK -19, 41, 155
OK 0, 0, 155
OK 0, 0, 155
OK 0, 0, 150
OK 0, 0, 60
OK 78, 45, 60
OK 78, 45, 330
OK 55, 84, 330
OK 55, 84, 240
OK -23, 39, 240
OK -23, 39, 150
OK -1, 0, 150
OK -1, 0, 150
OK -1, 0, 145
OK -1, 0, 55
OK 73, 52, 55
OK 73, 52, 325
OK 47, 89, 325
OK 47, 89, 235
OK -27, 37, 235
OK -27, 37, 145
OK -1, 0, 145
OK -1, 0, 145
OK -1, 0, 140
OK -1, 0, 50
OK 68, 58, 50
OK 68, 58, 320
OK 39, 92, 320
OK 39, 92, 230
OK -30, 34, 230
OK -30, 34, 140
OK -1, 0, 140
OK -1, 0, 140
OK -1, 0, 135
OK -1, 0, 45
OK 63, 64, 45
OK 63, 64, 315
OK 31, 96, 315
OK 31, 96, 225
OK -33, 32, 225
OK -33, 32, 135
OK -1, 0, 135
OK -1, 0, 135
OK -1, 0, 130
OK -1, 0, 40
OK 57, 69, 40
OK 57, 69, 310
OK 23, 98, 310
OK 23, 98, 220
OK -35, 29, 220
OK -35, 29, 130
OK -1, 0, 130
OK -1, 0, 130
OK -1, 0, 125
OK -1, 0, 35
OK 51, 74, 35
OK 51, 74, 305
OK 14, 100, 305
OK 14, 100, 215
OK -38, 26, 215
OK -38, 26, 125
OK -1, 0, 125
OK -1, 0, 125
OK -1, 0, 120
OK -1, 0, 30
OK 44, 78, 30
OK 44, 78, 300
OK 5, 101, 300
OK 5, 101, 210
OK -40, 23, 210
OK -40, 23, 120
OK -1, 1, 120
OK -1, 1, 120
OK -1, 1, 115
OK -1, 1, 25
OK 37, 83, 25
OK 37, 83, 295
OK -4, 102, 295
OK -4, 102, 205
OK -42, 20, 205
OK -42, 20, 115
OK -1, 1, 115
OK -1, 1, 115
OK -1, 1, 110
OK -1, 1, 20
OK 30, 86, 20
OK 30, 86, 290
OK -12, 101, 290
OK -12, 101, 200
OK -43, 16, 200
OK -43, 16, 110
OK -1, 1, 110
OK -1, 1, 110
OK -1, 1, 105
OK -1, 1, 15
OK 22, 88, 15
OK 22, 88, 285
OK -21, 100, 285
OK -21, 100, 195
OK -44, 13, 195
OK -44, 13, 105
OK -1, 1, 105
OK -1, 1, 105
OK -1, 1, 100
OK -1, 1, 10
OK 15, 90, 10
OK 15, 90, 280
OK -29, 98, 280
OK -29, 98, 190
OK -45, 9, 190
OK -45, 9, 100
OK -1, 1, 100
OK -1, 1, 100
