OK 0, 0, 90
OK 10, 0, 90
OK 20, 0, 90
OK 20, 0, 90
OK 30, 0, 90
OK 40, 0, 90
OK 40, 0, 90
OK 50, 0, 90
OK 60, 0, 90
OK 60, 0, 90
OK 70, 0, 90
OK 80, 0, 90
OK 80, 0, 90
OK 90, 0, 90
OK 100, 0, 90
OK 100, 0, 90
OK 110, 0, 90
OK 120, 0, 90
OK 120, 0, 90
OK 130, 0, 90
OK 140, 0, 90
OK 140, 0, 90
OK 150, 0, 90
OK 160, 0, 90
OK 160, 0, 90
OK 170, 0, 90
OK 180, 0, 90
OK 180, 0, 90
OK 190, 0, 90
OK 200, 0, 90
OK 200, 0, 90
OK 210, 0, 90
OK 220, 0, 90
OK 220, 0, 90
OK 230, 0, 90
OK 240, 0, 90
OK 240, 0, 90
OK 250, 0, 90
OK 260, 0, 90
OK 260, 0, 90
OK 270, 0, 90
OK 280, 0, 90
OK 280, 0, 90
OK 290, 0, 90
OK 300, 0, 90
OK 300, 0, 90
OK 310, 0, 90
OK 320, 0, 90
OK 320, 0, 90
OK 330, 0, 90
OK 340, 0, 90
OK 340, 0, 90
OK 350, 0, 90
OK 360, 0, 90
OK 360, 0, 90
OK 370, 0, 90
OK 380, 0, 90
OK 380, 0, 90
OK 390, 0, 90
OK 400, 0, 90
OK 400, 0, 90
OK 410, 0, 90
OK 420, 0, 90
OK 420, 0, 90
OK 430, 0, 90
OK 440, 0, 90
OK 440, 0, 90
OK 450, 0, 90
OK 460, 0, 90
OK 460, 0, 90
OK 470, 0, 90
OK 480, 0, 90
OK 480, 0, 90
OK 490, 0, 90
OK 500, 0, 90
OK 500, 0, 90
OK 510, 0, 90
OK 520, 0, 90
OK 520, 0, 90
OK 530, 0, 90
OK 540, 0, 90
OK 540, 0, 90
OK 550, 0, 90
OK 560, 0, 90
OK 560, 0, 90
OK 570, 0, 90
OK 580, 0, 90
OK 580, 0, 90
OK 590, 0, 90
OK 600, 0, 90
OK 600, 0, 90
OK 610, 0, 90
OK 620, 0, 90
OK 620, 0, 90
OK 630, 0, 90
OK 640, 0, 90
OK 640, 0, 90
OK 650, 0, 90
OK 660, 0, 90
OK 660, 0, 90
OK 670, 0, 90
OK 680, 0, 90
OK 680, 0, 90
OK 690, 0, 90
OK 700, 0, 90
OK 700, 0, 90
OK 710, 0, 90
OK 720, 0, 90
OK 720, 0, 90
OK 730, 0, 90
OK 740, 0, 90
OK 740, 0, 90
OK 750, 0, 90
OK 760, 0, 90
OK 760, 0, 90
OK 770, 0, 90
OK 780, 0, 90
OK 780, 0, 90
OK 790, 0, 90
OK 800, 0, 90
OK 800, 0, 90
OK 810, 0, 90
OK 820, 0, 90
OK 820, 0, 90
OK 830, 0, 90
OK 840, 0, 90
OK 840, 0, 90
OK 850, 0, 90
OK 860, 0, 90
OK 860, 0, 90
OK 870, 0, 90
OK 880, 0, 90
OK 880, 0, 90
OK 890, 0, 90
OK 900, 0, 90
OK 900, 0, 90
OK 910, 0, 90
OK 920, 0, 90
OK 920, 0, 90
OK 930, 0, 90
OK 940, 0, 90
OK 940, 0, 90
OK 950, 0, 90
OK 960, 0, 90
OK 960, 0, 90
OK 970, 0, 90
OK 980, 0, 90
OK 980, 0, 90
OK 990, 0, 90
OK 1000, 0, 90
OK 1000, 0, 90
