OK 0, 0, 90
OK 6, 0, 90
OK 6, 0, 84
OK 6, 0, 84
OK 12, 1, 84
OK 12, 1, 78
OK 12, 1, 78
OK 18, 2, 78
OK 18, 2, 72
OK 18, 2, 72
OK 24, 4, 72
OK 24, 4, 66
OK 24, 4, 66
OK 29, 6, 66
OK 29, 6, 60
OK 29, 6, 60
OK 34, 9, 60
OK 34, 9, 54
OK 34, 9, 54
OK 39, 13, 54
OK 39, 13, 48
OK 39, 13, 48
OK 43, 17, 48
OK 43, 17, 42
OK 43, 17, 42
OK 47, 21, 42
OK 47, 21, 36
OK 47, 21, 36
OK 51, 26, 36
OK 51, 26, 30
OK 51, 26, 30
OK 54, 31, 30
OK 54, 31, 24
OK 54, 31, 24
OK 56, 36, 24
OK 56, 36, 18
OK 56, 36, 18
OK 58, 42, 18
OK 58, 42, 12
OK 58, 42, 12
OK 59, 48, 12
OK 59, 48, 6
OK 59, 48, 6
OK 60, 54, 6
OK 60, 54, 0
OK 60, 54, 0
OK 60, 60, 0
OK 60, 60, 354
OK 60, 60, 354
OK 59, 66, 354
OK 59, 66, 348
OK 59, 66, 348
OK 58, 72, 348
OK 58, 72, 342
OK 58, 72, 342
OK 56, 78, 342
OK 56, 78, 336
OK 56, 78, 336
OK 54, 83, 336
OK 54, 83, 330
OK 54, 83, 330
OK 51, 88, 330
OK 51, 88, 324
OK 51, 88, 324
OK 47, 93, 324
OK 47, 93, 318
OK 47, 93, 318
OK 43, 97, 318
OK 43, 97, 312
OK 43, 97, 312
OK 39, 101, 312
OK 39, 101, 306
OK 39, 101, 306
OK 34, 105, 306
OK 34, 105, 300
OK 34, 105, 300
OK 29, 108, 300
OK 29, 108, 294
OK 29, 108, 294
OK 24, 110, 294
OK 24, 110, 288
OK 24, 110, 288
OK 18, 112, 288
OK 18, 112, 282
OK 18, 112, 282
OK 12, 113, 282
OK 12, 113, 276
OK 12, 113, 276
OK 6, 114, 276
OK 6, 114, 270
OK 6, 114, 270
OK 0, 114, 270
OK 0, 114, 264
OK 0, 114, 264
OK -6, 113, 264
OK -6, 113, 258
OK -6, 113, 258
OK -12, 112, 258
OK -12, 112, 252
OK -12, 112, 252
OK -18, 110, 252
OK -18, 110, 246
OK -18, 110, 246
OK -23, 108, 246
OK -23, 108, 240
OK -23, 108, 240
OK -28, 105, 240
OK -28, 105, 234
OK -28, 105, 234
OK -33, 101, 234
OK -33, 101, 228
OK -33, 101, 228
OK -37, 97, 228
OK -37, 97, 222
OK -37, 97, 222
OK -41, 93, 222
OK -41, 93, 216
OK -41, 93, 216
OK -45, 88, 216
OK -45, 88, 210
OK -45, 88, 210
OK -48, 83, 210
OK -48, 83, 204
OK -48, 83, 204
OK -50, 78, 204
OK -50, 78, 198
OK -50, 78, 198
OK -52, 72, 198
OK -52, 72, 192
OK -52, 72, 192
OK -53, 66, 192
OK -53, 66, 186
OK -53, 66, 186
OK -54, 60, 186
OK -54, 60, 180
OK -54, 60, 180
OK -54, 54, 180
OK -54, 54, 174
OK -54, 54, 174
OK -53, 48, 174
OK -53, 48, 168
OK -53, 48, 168
OK -52, 42, 168
OK -52, 42, 162
OK -52, 42, 162
OK -50, 36, 162
OK -50, 36, 156
OK -50, 36, 156
OK -48, 31, 156
OK -48, 31, 150
OK -48, 31, 150
OK -45, 26, 150
OK -45, 26, 144
OK -45, 26, 144
OK -41, 21, 144
OK -41, 21, 138
OK -41, 21, 138
OK -37, 17, 138
OK -37, 17, 132
OK -37, 17, 132
OK -33, 13, 132
OK -33, 13, 126
OK -33, 13, 126
OK -28, 9, 126
OK -28, 9, 120
OK -28, 9, 120
OK -23, 6, 120
OK -23, 6, 114
OK -23, 6, 114
OK -18, 4, 114
OK -18, 4, 108
OK -18, 4, 108
OK -12, 2, 108
OK -12, 2, 102
OK -12, 2, 102
OK -6, 1, 102
OK -6, 1, 96
OK -6, 1, 96
OK 0, 0, 96
OK 0, 0, 90
OK 0, 0, 90
OK 6, 0, 90
OK 6, 0, 84
OK 6, 0, 84
OK 12, 1, 84
OK 12, 1, 78
OK 12, 1, 78
OK 18, 2, 78
OK 18, 2, 72
OK 18, 2, 72
OK 24, 4, 72
OK 24, 4, 66
OK 24, 4, 66
OK 29, 6, 66
OK 29, 6, 60
OK 29, 6, 60
OK 34, 9, 60
OK 34, 9, 54
OK 34, 9, 54
OK 39, 13, 54
OK 39, 13, 48
OK 39, 13, 48
OK 43, 17, 48
OK 43, 17, 42
OK 43, 17, 42
OK 47, 21, 42
OK 47, 21, 36
OK 47, 21, 36
OK 51, 26, 36
OK 51, 26, 30
OK 51, 26, 30
OK 54, 31, 30
OK 54, 31, 24
OK 54, 31, 24
OK 56, 36, 24
OK 56, 36, 18
OK 56, 36, 18
OK 58, 42, 18
OK 58, 42, 12
OK 58, 42, 12
OK 59, 48, 12
OK 59, 48, 6
OK 59, 48, 6
OK 60, 54, 6
OK 60, 54, 0
OK 60, 54, 0
OK 60, 60, 0
OK 60, 60, 354
OK 60, 60, 354
OK 59, 66, 354
OK 59, 66, 348
OK 59, 66, 348
OK 58, 72, 348
OK 58, 72, 342
OK 58, 72, 342
OK 56, 78, 342
OK 56, 78, 336
OK 56, 78, 336
OK 54, 83, 336
OK 54, 83, 330
OK 54, 83, 330
OK 51, 88, 330
OK 51, 88, 324
OK 51, 88, 324
OK 47, 93, 324
OK 47, 93, 318
OK 47, 93, 318
OK 43, 97, 318
OK 43, 97, 312
OK 43, 97, 312
OK 39, 101, 312
OK 39, 101, 306
OK 39, 101, 306
OK 34, 105, 306
OK 34, 105, 300
OK 34, 105, 300
OK 29, 108, 300
OK 29, 108, 294
OK 29, 108, 294
OK 24, 110, 294
OK 24, 110, 288
OK 24, 110, 288
OK 18, 112, 288
OK 18, 112, 282
OK 18, 112, 282
OK 12, 113, 282
OK 12, 113, 276
OK 12, 113, 276
OK 6, 114, 276
OK 6, 114, 270
OK 6, 114, 270
OK 0, 114, 270
OK 0, 114, 264
OK 0, 114, 264
OK -6, 113, 264
OK -6, 113, 258
OK -6, 113, 258
OK -12, 112, 258
OK -12, 112, 252
OK -12, 112, 252
OK -18, 110, 252
OK -18, 110, 246
OK -18, 110, 246
OK -23, 108, 246
OK -23, 108, 240
OK -23, 108, 240
OK -28, 105, 240
OK -28, 105, 234
OK -28, 105, 234
OK -33, 101, 234
OK -33, 101, 228
OK -33, 101, 228
OK -37, 97, 228
OK -37, 97, 222
OK -37, 97, 222
OK -41, 93, 222
OK -41, 93, 216
OK -41, 93, 216
OK -45, 88, 216
OK -45, 88, 210
OK -45, 88, 210
