OK 8, 8, 90
OK 8, 8, 100
OK 8, 8, 100
OK 8, 8, 106
OK 14, 6, 106
OK 14, 6, 106
OK 14, 6, 112
OK 20, 4, 112
OK 20, 4, 112
OK 20, 4, 118
OK 25, 1, 118
OK 25, 1, 118
OK 25, 1, 124
OK 30, -2, 124
OK 30, -2, 124
OK 30, -2, 130
OK 35, -6, 130
OK 35, -6, 130
OK 35, -6, 136
OK 39, -10, 136
OK 39, -10, 136
OK 39, -10, 142
OK 43, -15, 142
OK 43, -15, 142
OK 43, -15, 148
OK 46, -20, 148
OK 46, -20, 148
OK 46, -20, 154
OK 49, -25, 154
OK 49, -25, 154
OK 49, -25, 160
OK 51, -31, 160
OK 51, -31, 160
OK 51, -31, 166
OK 52, -37, 166
OK 52, -37, 166
OK 52, -37, 172
OK 53, -43, 172
OK 53, -43, 172
OK 53, -43, 178
OK 53, -49, 178
OK 53, -49, 178
OK 53, -49, 184
OK 53, -55, 184
OK 53, -55, 184
OK 53, -55, 190
OK 52, -61, 190
OK 52, -61, 190
OK 52, -61, 196
OK 50, -67, 196
OK 50, -67, 196
OK 50, -67, 202
OK 48, -73, 202
OK 48, -73, 202
OK 48, -73, 208
OK 45, -78, 208
OK 45, -78, 208
OK 45, -78, 214
OK 42, -83, 214
OK 42, -83, 214
OK 42, -83, 220
OK 38, -88, 220
OK 38, -88, 220
OK 38, -88, 226
OK 34, -92, 226
OK 34, -92, 226
OK 34, -92, 232
OK 29, -96, 232
OK 29, -96, 232
OK 29, -96, 238
OK 24, -99, 238
OK 24, -99, 238
OK 24, -99, 244
OK 19, -102, 244
OK 19, -102, 244
OK 19, -102, 250
OK 13, -104, 250
OK 13, -104, 250
OK 13, -104, 256
OK 7, -105, 256
OK 7, -105, 256
OK 7, -105, 262
OK 1, -106, 262
OK 1, -106, 262
OK 1, -106, 268
OK -5, -106, 268
OK -5, -106, 268
OK -5, -106, 274
OK -11, -106, 274
OK -11, -106, 274
OK -11, -106, 280
OK -17, -105, 280
OK -17, -105, 280
OK -17, -105, 286
OK -23, -103, 286
OK -23, -103, 286
OK -23, -103, 292
OK -29, -101, 292
OK -29, -101, 292
OK -29, -101, 298
OK -34, -98, 298
OK -34, -98, 298
OK -34, -98, 304
OK -39, -95, 304
OK -39, -95, 304
OK -39, -95, 310
OK -44, -91, 310
OK -44, -91, 310
OK -44, -91, 316
OK -48, -87, 316
OK -48, -87, 316
OK -48, -87, 322
OK -52, -82, 322
OK -52, -82, 322
OK -52, -82, 328
OK -55, -77, 328
OK -55, -77, 328
OK -55, -77, 334
OK -58, -72, 334
OK -58, -72, 334
OK -58, -72, 340
OK -60, -66, 340
OK -60, -66, 340
OK -60, -66, 346
OK -61, -60, 346
OK -61, -60, 346
OK -61, -60, 352
OK -62, -54, 352
OK -62, -54, 352
OK -62, -54, 358
OK -62, -48, 358
OK -62, -48, 358
OK -62, -48, 4
OK -62, -42, 4
OK -62, -42, 4
OK -62, -42, 10
OK -61, -36, 10
OK -61, -36, 10
OK -61, -36, 16
OK -59, -30, 16
OK -59, -30, 16
OK -59, -30, 22
OK -57, -24, 22
OK -57, -24, 22
OK -57, -24, 28
OK -54, -19, 28
OK -54, -19, 28
OK -54, -19, 34
OK -51, -14, 34
OK -51, -14, 34
OK -51, -14, 40
OK -47, -9, 40
OK -47, -9, 40
OK -47, -9, 40
OK -47, -9, 47
OK -47, -9, 47
OK -47, -9, 41
OK -34, 6, 41
OK -34, 6, 41
OK -34, 6, 35
OK -23, 22, 35
OK -23, 22, 35
OK -23, 22, 29
OK -13, 39, 29
OK -13, 39, 29
OK -13, 39, 23
OK -5, 57, 23
OK -5, 57, 23
OK -5, 57, 17
OK 1, 76, 17
OK 1, 76, 17
OK 1, 76, 11
OK 5, 96, 11
OK 5, 96, 11
OK 5, 96, 5
OK 7, 116, 5
OK 7, 116, 5
OK 7, 116, 359
OK 7, 136, 359
OK 7, 136, 359
OK 7, 116, 359
OK 7, 116, 359
OK 7, 116, 6
OK 7, 116, 6
OK 7, 116, 0
OK 7, 136, 0
OK 7, 136, 0
OK 7, 136, 354
OK 5, 156, 354
OK 5, 156, 354
OK 5, 156, 348
OK 1, 176, 348
OK 1, 176, 348
OK 1, 176, 342
OK -5, 195, 342
OK -5, 195, 342
OK -5, 195, 336
OK -13, 213, 336
OK -13, 213, 336
OK -13, 213, 330
OK -23, 230, 330
OK -23, 230, 330
OK -23, 230, 324
OK -35, 246, 324
OK -35, 246, 324
OK -35, 246, 318
OK -48, 261, 318
OK -48, 261, 318
OK -35, 246, 318
OK -35, 246, 318
OK -35, 246, 325
OK -35, 246, 325
OK -35, 246, 319
OK -48, 261, 319
OK -48, 261, 319
OK -48, 261, 313
OK -63, 275, 313
OK -63, 275, 313
OK -63, 275, 307
OK -79, 287, 307
OK -79, 287, 307
OK -79, 287, 301
OK -96, 297, 301
OK -96, 297, 301
OK -96, 297, 295
OK -114, 305, 295
OK -114, 305, 295
OK -114, 305, 289
OK -133, 312, 289
OK -133, 312, 289
OK -133, 312, 283
OK -152, 316, 283
OK -152, 316, 283
OK -152, 316, 277
OK -172, 318, 277
OK -172, 318, 277
OK -152, 316, 277
OK -152, 316, 277
OK -152, 316, 284
OK -152, 316, 284
OK -152, 316, 278
OK -172, 319, 278
OK -172, 319, 278
OK -172, 319, 272
OK -192, 320, 272
OK -192, 320, 272
OK -192, 320, 266
OK -212, 319, 266
OK -212, 319, 266
OK -212, 319, 260
OK -232, 316, 260
OK -232, 316, 260
OK -232, 316, 254
OK -251, 310, 254
OK -251, 310, 254
OK -251, 310, 248
OK -270, 303, 248
OK -270, 303, 248
OK -270, 303, 242
OK -288, 294, 242
OK -288, 294, 242
OK -288, 294, 236
OK -305, 283, 236
OK -305, 283, 236
OK -288, 294, 236
OK -288, 294, 236
OK -288, 294, 243
OK -288, 294, 243
OK -288, 294, 237
OK -305, 283, 237
OK -305, 283, 237
OK -305, 283, 231
OK -321, 270, 231
OK -321, 270, 231
OK -321, 270, 225
OK -335, 256, 225
OK -335, 256, 225
OK -335, 256, 219
OK -348, 240, 219
OK -348, 240, 219
OK -348, 240, 213
OK -359, 223, 213
OK -359, 223, 213
OK -359, 223, 207
OK -368, 205, 207
OK -368, 205, 207
OK -368, 205, 201
OK -375, 186, 201
OK -375, 186, 201
OK -375, 186, 195
OK -380, 167, 195
OK -380, 167, 195
OK -375, 186, 195
OK -375, 186, 195
OK -375, 186, 202
OK -375, 186, 202
OK -375, 186, 196
OK -381, 167, 196
OK -381, 167, 196
OK -381, 167, 190
OK -384, 147, 190
OK -384, 147, 190
OK -384, 147, 184
OK -385, 127, 184
OK -385, 127, 184
OK -385, 127, 178
OK -384, 107, 178
OK -384, 107, 178
OK -384, 107, 172
OK -381, 87, 172
OK -381, 87, 172
OK -381, 87, 166
OK -376, 68, 166
OK -376, 68, 166
OK -376, 68, 160
OK -369, 49, 160
OK -369, 49, 160
OK -369, 49, 154
OK -360, 31, 154
OK -360, 31, 154
OK -369, 49, 154
OK -369, 49, 154
OK -369, 49, 161
OK -369, 49, 161
OK -369, 49, 155
OK -361, 31, 155
OK -361, 31, 155
OK -361, 31, 149
OK -351, 14, 149
OK -351, 14, 149
OK -351, 14, 143
OK -339, -2, 143
OK -339, -2, 143
OK -339, -2, 137
OK -325, -17, 137
OK -325, -17, 137
OK -325, -17, 131
OK -310, -30, 131
OK -310, -30, 131
OK -310, -30, 125
OK -294, -41, 125
OK -294, -41, 125
OK -294, -41, 119
OK -277, -51, 119
OK -277, -51, 119
OK -277, -51, 113
OK -259, -59, 113
OK -259, -59, 113
OK -277, -51, 113
OK -277, -51, 113
OK -277, -51, 120
OK -277, -51, 120
OK -277, -51, 114
OK -259, -59, 114
OK -259, -59, 114
OK -259, -59, 108
OK -240, -65, 108
OK -240, -65, 108
OK -240, -65, 102
OK -220, -69, 102
OK -220, -69, 102
OK -220, -69, 96
OK -200, -71, 96
OK -200, -71, 96
OK -200, -71, 90
OK -180, -71, 90
OK -180, -71, 90
OK -180, -71, 84
OK -160, -69, 84
OK -160, -69, 84
OK -160, -69, 78
OK -140, -65, 78
OK -140, -65, 78
OK -140, -65, 72
OK -121, -59, 72
OK -121, -59, 72
OK -140, -65, 72
OK -140, -65, 72
OK -140, -65, 79
OK -140, -65, 79
OK -140, -65, 73
OK -121, -59, 73
OK -121, -59, 73
OK -121, -59, 67
OK -103, -51, 67
OK -103, -51, 67
OK -103, -51, 61
OK -86, -41, 61
OK -86, -41, 61
OK -86, -41, 55
OK -70, -30, 55
OK -70, -30, 55
OK -70, -30, 49
OK -55, -17, 49
OK -55, -17, 49
OK -55, -17, 43
OK -41, -2, 43
OK -41, -2, 43
OK -41, -2, 37
OK -29, 14, 37
OK -29, 14, 37
OK -29, 14, 31
OK -19, 31, 31
OK -19, 31, 31
OK -29, 14, 31
OK -29, 14, 31
OK -29, 14, 38
OK -29, 14, 38
OK -29, 14, 32
OK -18, 31, 32
OK -18, 31, 32
OK -18, 31, 26
OK -9, 49, 26
OK -9, 49, 26
OK -9, 49, 20
OK -2, 68, 20
OK -2, 68, 20
OK -2, 68, 14
OK 3, 87, 14
OK 3, 87, 14
OK 3, 87, 8
OK 6, 107, 8
OK 6, 107, 8
OK 6, 107, 2
OK 7, 127, 2
OK 7, 127, 2
OK 7, 127, 356
OK 6, 147, 356
OK 6, 147, 356
OK 6, 147, 350
OK 3, 167, 350
OK 3, 167, 350
OK 6, 147, 350
OK 6, 147, 350
OK 6, 147, 357
OK 6, 147, 357
OK 6, 147, 351
OK 3, 167, 351
OK 3, 167, 351
OK 3, 167, 345
OK -2, 186, 345
OK -2, 186, 345
OK -2, 186, 339
OK -9, 205, 339
OK -9, 205, 339
OK -9, 205, 333
OK -18, 223, 333
OK -18, 223, 333
OK -18, 223, 327
OK -29, 240, 327
OK -29, 240, 327
OK -29, 240, 321
OK -42, 256, 321
OK -42, 256, 321
OK -42, 256, 315
OK -56, 270, 315
OK -56, 270, 315
OK -56, 270, 309
OK -72, 283, 309
OK -72, 283, 309
OK -56, 270, 309
OK -56, 270, 309
OK -56, 270, 316
OK -56, 270, 316
OK -56, 270, 310
OK -71, 283, 310
OK -71, 283, 310
OK -71, 283, 304
OK -88, 294, 304
OK -88, 294, 304
OK -88, 294, 298
OK -106, 303, 298
OK -106, 303, 298
OK -106, 303, 292
OK -125, 310, 292
OK -125, 310, 292
OK -125, 310, 286
OK -144, 316, 286
OK -144, 316, 286
OK -144, 316, 280
OK -164, 319, 280
OK -164, 319, 280
OK -164, 319, 274
OK -184, 320, 274
OK -184, 320, 274
OK -184, 320, 268
OK -204, 319, 268
OK -204, 319, 268
OK -184, 320, 268
OK -184, 320, 268
OK -184, 320, 275
OK -184, 320, 275
OK -184, 320, 269
OK -204, 320, 269
OK -204, 320, 269
OK -204, 320, 263
OK -224, 318, 263
OK -224, 318, 263
OK -224, 318, 257
OK -243, 314, 257
OK -243, 314, 257
OK -243, 314, 251
OK -262, 307, 251
OK -262, 307, 251
OK -262, 307, 245
OK -280, 299, 245
OK -280, 299, 245
OK -280, 299, 239
OK -297, 289, 239
OK -297, 289, 239
OK -297, 289, 233
OK -313, 277, 233
OK -313, 277, 233
OK -313, 277, 227
OK -328, 263, 227
OK -328, 263, 227
OK -313, 277, 227
OK -313, 277, 227
OK -313, 277, 234
OK -313, 277, 234
OK -313, 277, 228
OK -328, 264, 228
OK -328, 264, 228
OK -328, 264, 222
OK -341, 249, 222
OK -341, 249, 222
OK -341, 249, 216
OK -353, 233, 216
OK -353, 233, 216
OK -353, 233, 210
OK -363, 216, 210
OK -363, 216, 210
OK -363, 216, 204
OK -371, 198, 204
OK -371, 198, 204
OK -371, 198, 198
OK -377, 179, 198
OK -377, 179, 198
OK -377, 179, 192
OK -381, 159, 192
OK -381, 159, 192
OK -381, 159, 186
OK -383, 139, 186
OK -383, 139, 186
OK -381, 159, 186
OK -381, 159, 186
OK -381, 159, 193
OK -381, 159, 193
OK -381, 159, 187
OK -383, 139, 187
OK -383, 139, 187
OK -383, 139, 181
OK -383, 119, 181
OK -383, 119, 181
OK -383, 119, 175
OK -381, 99, 175
OK -381, 99, 175
OK -381, 99, 169
OK -377, 79, 169
OK -377, 79, 169
OK -377, 79, 163
OK -371, 60, 163
OK -371, 60, 163
OK -371, 60, 157
OK -363, 42, 157
OK -363, 42, 157
OK -363, 42, 151
OK -353, 25, 151
OK -353, 25, 151
OK -353, 25, 145
OK -342, 9, 145
OK -342, 9, 145
OK -353, 25, 145
OK -353, 25, 145
OK -353, 25, 152
OK -353, 25, 152
OK -353, 25, 146
OK -342, 8, 146
OK -342, 8, 146
OK -342, 8, 140
OK -329, -7, 140
OK -329, -7, 140
OK -329, -7, 134
OK -315, -21, 134
OK -315, -21, 134
OK -315, -21, 128
OK -299, -33, 128
OK -299, -33, 128
OK -299, -33, 122
OK -282, -44, 122
OK -282, -44, 122
OK -282, -44, 116
OK -264, -53, 116
OK -264, -53, 116
OK -264, -53, 110
OK -245, -60, 110
OK -245, -60, 110
OK -245, -60, 104
OK -226, -65, 104
OK -226, -65, 104
OK -245, -60, 104
OK -245, -60, 104
OK -245, -60, 111
OK -245, -60, 111
OK -245, -60, 105
OK -226, -65, 105
OK -226, -65, 105
OK -226, -65, 99
OK -206, -68, 99
OK -206, -68, 99
OK -206, -68, 93
OK -186, -69, 93
OK -186, -69, 93
OK -186, -69, 87
OK -166, -68, 87
OK -166, -68, 87
OK -166, -68, 81
OK -146, -65, 81
OK -146, -65, 81
OK -146, -65, 75
OK -127, -60, 75
OK -127, -60, 75
OK -127, -60, 69
OK -108, -53, 69
OK -108, -53, 69
OK -108, -53, 63
OK -90, -44, 63
OK -90, -44, 63
OK -108, -53, 63
OK -108, -53, 63
OK -108, -53, 70
OK -108, -53, 70
OK -108, -53, 64
OK -90, -44, 64
OK -90, -44, 64
OK -90, -44, 58
OK -73, -33, 58
OK -73, -33, 58
OK -73, -33, 52
OK -57, -21, 52
OK -57, -21, 52
OK -57, -21, 46
OK -43, -7, 46
OK -43, -7, 46
OK -43, -7, 40
OK -30, 8, 40
OK -30, 8, 40
OK -30, 8, 34
OK -19, 25, 34
OK -19, 25, 34
OK -19, 25, 28
OK -10, 43, 28
OK -10, 43, 28
OK -10, 43, 22
OK -3, 62, 22
OK -3, 62, 22
OK -10, 43, 22
OK -10, 43, 22
OK -10, 43, 29
OK -10, 43, 29
OK -10, 43, 23
OK -2, 61, 23
OK -2, 61, 23
OK -2, 61, 17
OK 4, 80, 17
OK 4, 80, 17
OK 4, 80, 11
OK 8, 100, 11
OK 8, 100, 11
OK 8, 100, 5
OK 10, 120, 5
OK 10, 120, 5
OK 10, 120, 359
OK 10, 140, 359
OK 10, 140, 359
OK 10, 140, 353
OK 8, 160, 353
OK 8, 160, 353
OK 8, 160, 347
OK 4, 179, 347
OK 4, 179, 347
OK 4, 179, 341
OK -3, 198, 341
OK -3, 198, 341
OK 4, 179, 341
OK 4, 179, 341
OK 4, 179, 348
OK 4, 179, 348
OK 4, 179, 342
OK -2, 198, 342
OK -2, 198, 342
OK -2, 198, 336
OK -10, 216, 336
OK -10, 216, 336
OK -10, 216, 330
OK -20, 233, 330
OK -20, 233, 330
OK -20, 233, 324
OK -32, 249, 324
OK -32, 249, 324
OK -32, 249, 318
OK -45, 264, 318
OK -45, 264, 318
OK -45, 264, 312
OK -60, 277, 312
OK -60, 277, 312
OK -60, 277, 306
OK -76, 289, 306
OK -76, 289, 306
OK -76, 289, 300
OK -93, 299, 300
OK -93, 299, 300
OK -76, 289, 300
OK -76, 289, 300
OK -76, 289, 307
OK -76, 289, 307
OK -76, 289, 301
OK -93, 299, 301
OK -93, 299, 301
OK -93, 299, 295
OK -111, 307, 295
OK -111, 307, 295
OK -111, 307, 289
OK -130, 314, 289
OK -130, 314, 289
OK -130, 314, 283
OK -149, 318, 283
OK -149, 318, 283
OK -149, 318, 277
OK -169, 320, 277
OK -169, 320, 277
OK -169, 320, 271
OK -189, 320, 271
OK -189, 320, 271
OK -189, 320, 265
OK -209, 318, 265
OK -209, 318, 265
OK -209, 318, 259
OK -229, 314, 259
OK -229, 314, 259
OK -209, 318, 259
OK -209, 318, 259
OK -209, 318, 266
OK -209, 318, 266
OK -209, 318, 260
OK -229, 315, 260
OK -229, 315, 260
OK -229, 315, 254
OK -248, 309, 254
OK -248, 309, 254
OK -248, 309, 248
OK -267, 302, 248
OK -267, 302, 248
OK -267, 302, 242
OK -285, 293, 242
OK -285, 293, 242
OK -285, 293, 236
OK -302, 282, 236
OK -302, 282, 236
OK -302, 282, 230
OK -317, 269, 230
OK -317, 269, 230
OK -317, 269, 224
OK -331, 255, 224
OK -331, 255, 224
OK -331, 255, 218
OK -343, 239, 218
OK -343, 239, 218
OK -331, 255, 218
OK -331, 255, 218
OK -331, 255, 225
OK -331, 255, 225
OK -331, 255, 219
OK -344, 239, 219
OK -344, 239, 219
OK -344, 239, 213
OK -355, 222, 213
OK -355, 222, 213
OK -355, 222, 207
OK -364, 204, 207
OK -364, 204, 207
OK -364, 204, 201
OK -371, 185, 201
OK -371, 185, 201
OK -371, 185, 195
OK -376, 166, 195
OK -376, 166, 195
OK -376, 166, 189
OK -379, 146, 189
OK -379, 146, 189
OK -379, 146, 183
OK -380, 126, 183
OK -380, 126, 183
OK -380, 126, 177
OK -379, 106, 177
OK -379, 106, 177
OK -380, 126, 177
OK -380, 126, 177
OK -380, 126, 184
OK -380, 126, 184
OK -380, 126, 178
OK -379, 106, 178
OK -379, 106, 178
OK -379, 106, 172
OK -376, 86, 172
OK -376, 86, 172
OK -376, 86, 166
OK -371, 67, 166
OK -371, 67, 166
OK -371, 67, 160
OK -364, 48, 160
OK -364, 48, 160
OK -364, 48, 154
OK -355, 30, 154
OK -355, 30, 154
OK -355, 30, 148
OK -344, 13, 148
OK -344, 13, 148
OK -344, 13, 142
OK -332, -3, 142
OK -332, -3, 142
OK -332, -3, 136
OK -318, -17, 136
OK -318, -17, 136
OK -332, -3, 136
OK -332, -3, 136
OK -332, -3, 143
OK -332, -3, 143
OK -332, -3, 137
OK -318, -18, 137
OK -318, -18, 137
OK -318, -18, 131
OK -303, -31, 131
OK -303, -31, 131
OK -303, -31, 125
OK -287, -42, 125
OK -287, -42, 125
OK -287, -42, 119
OK -270, -52, 119
OK -270, -52, 119
OK -270, -52, 113
OK -252, -60, 113
OK -252, -60, 113
OK -252, -60, 107
OK -233, -66, 107
OK -233, -66, 107
OK -233, -66, 101
OK -213, -70, 101
OK -213, -70, 101
OK -213, -70, 95
OK -193, -72, 95
OK -193, -72, 95
OK -213, -70, 95
OK -213, -70, 95
OK -213, -70, 102
OK -213, -70, 102
OK -213, -70, 96
OK -193, -72, 96
OK -193, -72, 96
OK -193, -72, 90
OK -173, -72, 90
OK -173, -72, 90
OK -173, -72, 84
OK -153, -70, 84
OK -153, -70, 84
OK -153, -70, 78
OK -133, -66, 78
OK -133, -66, 78
OK -133, -66, 72
OK -114, -60, 72
OK -114, -60, 72
OK -114, -60, 66
OK -96, -52, 66
OK -96, -52, 66
OK -96, -52, 60
OK -79, -42, 60
OK -79, -42, 60
OK -79, -42, 54
OK -63, -30, 54
OK -63, -30, 54
OK -79, -42, 54
OK -79, -42, 54
OK -79, -42, 61
OK -79, -42, 61
OK -79, -42, 55
OK -63, -31, 55
OK -63, -31, 55
OK -63, -31, 49
OK -48, -18, 49
OK -48, -18, 49
OK -48, -18, 43
OK -34, -3, 43
OK -34, -3, 43
OK -34, -3, 37
OK -22, 13, 37
OK -22, 13, 37
OK -22, 13, 31
OK -12, 30, 31
OK -12, 30, 31
OK -12, 30, 25
OK -4, 48, 25
OK -4, 48, 25
OK -4, 48, 19
OK 3, 67, 19
OK 3, 67, 19
OK 3, 67, 13
OK 7, 86, 13
OK 7, 86, 13
OK 3, 67, 13
OK 3, 67, 13
OK 3, 67, 20
OK 3, 67, 20
OK 3, 67, 14
OK 8, 86, 14
OK 8, 86, 14
OK 8, 86, 8
OK 11, 106, 8
OK 11, 106, 8
OK 11, 106, 2
OK 12, 126, 2
OK 12, 126, 2
OK 12, 126, 356
OK 11, 146, 356
OK 11, 146, 356
OK 11, 146, 350
OK 8, 166, 350
OK 8, 166, 350
OK 8, 166, 344
OK 2, 185, 344
OK 2, 185, 344
OK 2, 185, 338
OK -5, 204, 338
OK -5, 204, 338
OK -5, 204, 332
OK -14, 222, 332
OK -14, 222, 332
OK -5, 204, 332
OK -5, 204, 332
OK -5, 204, 339
OK -5, 204, 339
OK -5, 204, 333
OK -14, 222, 333
OK -14, 222, 333
OK -14, 222, 327
OK -25, 239, 327
OK -25, 239, 327
OK -25, 239, 321
OK -38, 255, 321
OK -38, 255, 321
OK -38, 255, 315
OK -52, 269, 315
OK -52, 269, 315
OK -52, 269, 309
OK -68, 282, 309
OK -68, 282, 309
OK -68, 282, 303
OK -85, 293, 303
OK -85, 293, 303
OK -85, 293, 297
OK -103, 302, 297
OK -103, 302, 297
OK -103, 302, 291
OK -122, 309, 291
OK -122, 309, 291
OK -103, 302, 291
OK -103, 302, 291
OK -103, 302, 298
OK -103, 302, 298
OK -103, 302, 292
OK -122, 309, 292
OK -122, 309, 292
OK -122, 309, 286
OK -141, 315, 286
OK -141, 315, 286
OK -141, 315, 280
OK -161, 318, 280
OK -161, 318, 280
OK -161, 318, 274
OK -181, 319, 274
OK -181, 319, 274
OK -181, 319, 268
OK -201, 318, 268
OK -201, 318, 268
OK -201, 318, 262
OK -221, 315, 262
OK -221, 315, 262
OK -221, 315, 256
OK -240, 310, 256
OK -240, 310, 256
OK -240, 310, 250
OK -259, 303, 250
OK -259, 303, 250
OK -240, 310, 250
OK -240, 310, 250
OK -240, 310, 257
OK -240, 310, 257
OK -240, 310, 251
OK -259, 303, 251
OK -259, 303, 251
OK -259, 303, 245
OK -277, 295, 245
OK -277, 295, 245
OK -277, 295, 239
OK -294, 285, 239
OK -294, 285, 239
OK -294, 285, 233
OK -310, 273, 233
OK -310, 273, 233
OK -310, 273, 227
OK -325, 259, 227
OK -325, 259, 227
OK -325, 259, 221
OK -338, 244, 221
OK -338, 244, 221
OK -338, 244, 215
OK -349, 228, 215
OK -349, 228, 215
OK -349, 228, 209
OK -359, 211, 209
OK -359, 211, 209
OK -349, 228, 209
OK -349, 228, 209
OK -349, 228, 216
OK -349, 228, 216
OK -349, 228, 210
OK -359, 211, 210
OK -359, 211, 210
OK -359, 211, 204
OK -367, 193, 204
OK -367, 193, 204
OK -367, 193, 198
OK -373, 174, 198
OK -373, 174, 198
OK -373, 174, 192
OK -377, 154, 192
OK -377, 154, 192
OK -377, 154, 186
OK -379, 134, 186
OK -379, 134, 186
OK -379, 134, 180
OK -379, 114, 180
OK -379, 114, 180
OK -379, 114, 174
OK -377, 94, 174
OK -377, 94, 174
OK -377, 94, 168
OK -373, 74, 168
OK -373, 74, 168
OK -377, 94, 168
OK -377, 94, 168
OK -377, 94, 175
OK -377, 94, 175
OK -377, 94, 169
OK -373, 74, 169
OK -373, 74, 169
OK -373, 74, 163
OK -367, 55, 163
OK -367, 55, 163
OK -367, 55, 157
OK -359, 37, 157
OK -359, 37, 157
OK -359, 37, 151
OK -349, 20, 151
OK -349, 20, 151
OK -349, 20, 145
OK -338, 4, 145
OK -338, 4, 145
OK -338, 4, 139
OK -325, -11, 139
OK -325, -11, 139
OK -325, -11, 133
OK -310, -25, 133
OK -310, -25, 133
OK -310, -25, 127
OK -294, -37, 127
OK -294, -37, 127
OK -310, -25, 127
OK -310, -25, 127
OK -310, -25, 134
OK -310, -25, 134
OK -310, -25, 128
OK -294, -37, 128
OK -294, -37, 128
OK -294, -37, 122
OK -277, -48, 122
OK -277, -48, 122
OK -277, -48, 116
OK -259, -57, 116
OK -259, -57, 116
OK -259, -57, 110
OK -240, -64, 110
OK -240, -64, 110
OK -240, -64, 104
OK -221, -69, 104
OK -221, -69, 104
OK -221, -69, 98
OK -201, -72, 98
OK -201, -72, 98
OK -201, -72, 92
OK -181, -73, 92
OK -181, -73, 92
OK -181, -73, 86
OK -161, -72, 86
OK -161, -72, 86
OK -181, -73, 86
OK -181, -73, 86
OK -181, -73, 93
OK -181, -73, 93
OK -181, -73, 87
OK -161, -72, 87
OK -161, -72, 87
OK -161, -72, 81
OK -141, -69, 81
OK -141, -69, 81
OK -141, -69, 75
OK -122, -64, 75
OK -122, -64, 75
OK -122, -64, 69
OK -103, -57, 69
OK -103, -57, 69
OK -103, -57, 63
OK -85, -48, 63
OK -85, -48, 63
OK -85, -48, 57
OK -68, -37, 57
OK -68, -37, 57
OK -68, -37, 51
OK -52, -24, 51
OK -52, -24, 51
OK -52, -24, 45
OK -38, -10, 45
OK -38, -10, 45
OK -52, -24, 45
OK -52, -24, 45
OK -52, -24, 52
OK -52, -24, 52
OK -52, -24, 46
OK -38, -10, 46
OK -38, -10, 46
OK -38, -10, 40
OK -25, 5, 40
OK -25, 5, 40
OK -25, 5, 34
OK -14, 22, 34
OK -14, 22, 34
OK -14, 22, 28
OK -5, 40, 28
OK -5, 40, 28
OK -5, 40, 22
OK 2, 59, 22
OK 2, 59, 22
OK 2, 59, 16
OK 8, 78, 16
OK 8, 78, 16
OK 8, 78, 10
OK 11, 98, 10
OK 11, 98, 10
OK 11, 98, 4
OK 12, 118, 4
OK 12, 118, 4
OK 11, 98, 4
OK 11, 98, 4
OK 11, 98, 11
OK 11, 98, 11
OK 11, 98, 5
OK 13, 118, 5
OK 13, 118, 5
OK 13, 118, 359
OK 13, 138, 359
OK 13, 138, 359
OK 13, 138, 353
OK 11, 158, 353
OK 11, 158, 353
OK 11, 158, 347
OK 7, 177, 347
OK 7, 177, 347
OK 7, 177, 341
OK 0, 196, 341
OK 0, 196, 341
OK 0, 196, 335
OK -8, 214, 335
OK -8, 214, 335
OK -8, 214, 329
OK -18, 231, 329
OK -18, 231, 329
OK -18, 231, 323
OK -30, 247, 323
OK -30, 247, 323
OK -18, 231, 323
OK -18, 231, 323
OK -18, 231, 330
OK -18, 231, 330
OK -18, 231, 324
OK -30, 247, 324
OK -30, 247, 324
OK -30, 247, 318
OK -43, 262, 318
OK -43, 262, 318
OK -43, 262, 312
OK -58, 275, 312
OK -58, 275, 312
OK -58, 275, 306
OK -74, 287, 306
OK -74, 287, 306
OK -74, 287, 300
OK -91, 297, 300
OK -91, 297, 300
OK -91, 297, 294
OK -109, 305, 294
OK -109, 305, 294
OK -109, 305, 288
OK -128, 311, 288
OK -128, 311, 288
OK -128, 311, 282
OK -148, 315, 282
OK -148, 315, 282
OK -128, 311, 282
OK -128, 311, 282
OK -128, 311, 289
OK -128, 311, 289
OK -128, 311, 283
OK -147, 315, 283
OK -147, 315, 283
OK -147, 315, 277
OK -167, 317, 277
OK -167, 317, 277
OK -167, 317, 271
OK -187, 317, 271
OK -187, 317, 271
OK -187, 317, 265
OK -207, 315, 265
OK -207, 315, 265
OK -207, 315, 259
OK -227, 311, 259
OK -227, 311, 259
OK -227, 311, 253
OK -246, 305, 253
OK -246, 305, 253
OK -246, 305, 247
OK -264, 297, 247
OK -264, 297, 247
OK -264, 297, 241
OK -281, 287, 241
OK -281, 287, 241
OK -264, 297, 241
OK -264, 297, 241
OK -264, 297, 248
OK -264, 297, 248
OK -264, 297, 242
OK -282, 288, 242
OK -282, 288, 242
OK -282, 288, 236
OK -299, 277, 236
OK -299, 277, 236
OK -299, 277, 230
OK -314, 264, 230
OK -314, 264, 230
OK -314, 264, 224
OK -328, 250, 224
OK -328, 250, 224
OK -328, 250, 218
OK -340, 234, 218
OK -340, 234, 218
OK -340, 234, 212
OK -351, 217, 212
OK -351, 217, 212
OK -351, 217, 206
OK -360, 199, 206
OK -360, 199, 206
OK -360, 199, 200
OK -367, 180, 200
OK -367, 180, 200
OK -360, 199, 200
OK -360, 199, 200
OK -360, 199, 207
OK -360, 199, 207
OK -360, 199, 201
OK -367, 180, 201
OK -367, 180, 201
OK -367, 180, 195
OK -372, 161, 195
OK -372, 161, 195
OK -372, 161, 189
OK -375, 141, 189
OK -375, 141, 189
OK -375, 141, 183
OK -376, 121, 183
OK -376, 121, 183
OK -376, 121, 177
OK -375, 101, 177
OK -375, 101, 177
OK -375, 101, 171
OK -372, 81, 171
OK -372, 81, 171
OK -372, 81, 165
OK -367, 62, 165
OK -367, 62, 165
OK -367, 62, 159
OK -360, 43, 159
OK -360, 43, 159
OK -367, 62, 159
OK -367, 62, 159
OK -367, 62, 166
OK -367, 62, 166
OK -367, 62, 160
OK -360, 43, 160
OK -360, 43, 160
OK -360, 43, 154
OK -351, 25, 154
OK -351, 25, 154
OK -351, 25, 148
OK -340, 8, 148
OK -340, 8, 148
OK -340, 8, 142
OK -328, -8, 142
OK -328, -8, 142
OK -328, -8, 136
OK -314, -22, 136
OK -314, -22, 136
OK -314, -22, 130
OK -299, -35, 130
OK -299, -35, 130
OK -299, -35, 124
OK -282, -46, 124
OK -282, -46, 124
OK -282, -46, 118
OK -264, -55, 118
OK -264, -55, 118
OK -282, -46, 118
OK -282, -46, 118
OK -282, -46, 125
OK -282, -46, 125
OK -282, -46, 119
OK -265, -56, 119
OK -265, -56, 119
OK -265, -56, 113
OK -247, -64, 113
OK -247, -64, 113
OK -247, -64, 107
OK -228, -70, 107
OK -228, -70, 107
OK -228, -70, 101
OK -208, -74, 101
OK -208, -74, 101
OK -208, -74, 95
OK -188, -76, 95
OK -188, -76, 95
OK -188, -76, 89
OK -168, -76, 89
OK -168, -76, 89
OK -168, -76, 83
OK -148, -74, 83
OK -148, -74, 83
OK -148, -74, 77
OK -129, -70, 77
OK -129, -70, 77
OK -148, -74, 77
OK -148, -74, 77
OK -148, -74, 84
OK -148, -74, 84
OK -148, -74, 78
OK -128, -70, 78
OK -128, -70, 78
OK -128, -70, 72
OK -109, -64, 72
OK -109, -64, 72
OK -109, -64, 66
OK -91, -56, 66
OK -91, -56, 66
OK -91, -56, 60
OK -74, -46, 60
OK -74, -46, 60
OK -74, -46, 54
OK -58, -34, 54
OK -58, -34, 54
OK -58, -34, 48
OK -43, -21, 48
OK -43, -21, 48
OK -43, -21, 42
OK -30, -6, 42
OK -30, -6, 42
OK -30, -6, 36
OK -18, 10, 36
OK -18, 10, 36
OK -30, -6, 36
OK -30, -6, 36
OK -30, -6, 43
OK -30, -6, 43
OK -30, -6, 37
OK -18, 10, 37
OK -18, 10, 37
OK -18, 10, 31
OK -8, 27, 31
OK -8, 27, 31
OK -8, 27, 25
OK 0, 45, 25
OK 0, 45, 25
OK 0, 45, 19
OK 7, 64, 19
OK 7, 64, 19
OK 7, 64, 13
OK 11, 83, 13
OK 11, 83, 13
OK 11, 83, 7
OK 13, 103, 7
OK 13, 103, 7
OK 13, 103, 1
OK 13, 123, 1
OK 13, 123, 1
OK 13, 123, 355
OK 11, 143, 355
OK 11, 143, 355
OK 13, 123, 355
OK 13, 123, 355
OK 13, 123, 2
OK 13, 123, 2
OK 13, 123, 356
OK 12, 143, 356
OK 12, 143, 356
OK 12, 143, 350
OK 9, 163, 350
OK 9, 163, 350
OK 9, 163, 344
OK 3, 182, 344
OK 3, 182, 344
OK 3, 182, 338
OK -4, 201, 338
OK -4, 201, 338
OK -4, 201, 332
OK -13, 219, 332
OK -13, 219, 332
OK -13, 219, 326
OK -24, 236, 326
OK -24, 236, 326
OK -24, 236, 320
OK -37, 251, 320
OK -37, 251, 320
OK -37, 251, 314
OK -51, 265, 314
OK -51, 265, 314
OK -37, 251, 314
OK -37, 251, 314
OK -37, 251, 321
OK -37, 251, 321
OK -37, 251, 315
OK -51, 265, 315
OK -51, 265, 315
OK -51, 265, 309
OK -67, 278, 309
OK -67, 278, 309
OK -67, 278, 303
OK -84, 289, 303
OK -84, 289, 303
OK -84, 289, 297
OK -102, 298, 297
OK -102, 298, 297
OK -102, 298, 291
OK -121, 305, 291
OK -121, 305, 291
OK -121, 305, 285
OK -140, 310, 285
OK -140, 310, 285
OK -140, 310, 279
OK -160, 313, 279
OK -160, 313, 279
OK -160, 313, 273
OK -180, 314, 273
OK -180, 314, 273
OK -160, 313, 273
OK -160, 313, 273
OK -160, 313, 280
OK -160, 313, 280
OK -160, 313, 274
OK -180, 314, 274
OK -180, 314, 274
OK -180, 314, 268
OK -200, 313, 268
OK -200, 313, 268
OK -200, 313, 262
OK -220, 310, 262
OK -220, 310, 262
OK -220, 310, 256
OK -239, 305, 256
OK -239, 305, 256
OK -239, 305, 250
OK -258, 298, 250
OK -258, 298, 250
OK -258, 298, 244
OK -276, 289, 244
OK -276, 289, 244
OK -276, 289, 238
OK -293, 278, 238
OK -293, 278, 238
OK -293, 278, 232
OK -309, 266, 232
OK -309, 266, 232
OK -293, 278, 232
OK -293, 278, 232
OK -293, 278, 239
OK -293, 278, 239
OK -293, 278, 233
OK -309, 266, 233
OK -309, 266, 233
OK -309, 266, 227
OK -324, 252, 227
OK -324, 252, 227
OK -324, 252, 221
OK -337, 237, 221
OK -337, 237, 221
OK -337, 237, 215
OK -348, 221, 215
OK -348, 221, 215
OK -348, 221, 209
OK -358, 204, 209
OK -358, 204, 209
OK -358, 204, 203
OK -366, 186, 203
OK -366, 186, 203
OK -366, 186, 197
OK -372, 167, 197
OK -372, 167, 197
OK -372, 167, 191
OK -376, 147, 191
OK -376, 147, 191
OK -372, 167, 191
OK -372, 167, 191
OK -372, 167, 198
OK -372, 167, 198
OK -372, 167, 192
OK -376, 147, 192
OK -376, 147, 192
OK -376, 147, 186
OK -378, 127, 186
OK -378, 127, 186
OK -378, 127, 180
OK -378, 107, 180
OK -378, 107, 180
OK -378, 107, 174
OK -376, 87, 174
OK -376, 87, 174
OK -376, 87, 168
OK -372, 67, 168
OK -372, 67, 168
OK -372, 67, 162
OK -366, 48, 162
OK -366, 48, 162
OK -366, 48, 156
OK -358, 30, 156
OK -358, 30, 156
OK -358, 30, 150
OK -348, 13, 150
OK -348, 13, 150
OK -358, 30, 150
OK -358, 30, 150
OK 0, 0, 150
