OK 8, 8, 90
ERROR LINE 4: TURN has 2 parameters, you wrote 1
OK 8, 8, 90
ERROR LINE 6: TURN has 2 parameters, you wrote 1
OK 14, 8, 90
OK 14, 8, 90
ERROR LINE 6: TURN has 2 parameters, you wrote 1
OK 20, 8, 90
OK 20, 8, 90
ERROR LINE 6: TURN has 2 parameters, you wrote 1
OK 26, 8, 90
OK 26, 8, 90
ERROR LINE 6: TURN has 2 parameters, you wrote 1
OK 32, 8, 90
OK 32, 8, 90
ERROR LINE 6: TURN has 2 parameters, you wrote 1
OK 38, 8, 90
OK 38, 8, 90
ERROR LINE 6: TURN has 2 parameters, you wrote 1
OK 44, 8, 90
OK 44, 8, 90
ERROR LINE 6: TURN has 2 parameters, you wrote 1
OK 50, 8, 90
OK 50, 8, 90
ERROR LINE 6: TURN has 2 parameters, you wrote 1
OK 56, 8, 90
OK 56, 8, 90
ERROR LINE 6: TURN has 2 parameters, you wrote 1
OK 62, 8, 90
OK 62, 8, 90
ERROR LINE 6: TURN has 2 parameters, you wrote 1
OK 68, 8, 90
OK 68, 8, 90
ERROR LINE 6: TURN has 2 parameters, you wrote 1
OK 74, 8, 90
OK 74, 8, 90
ERROR LINE 6: TURN has 2 parameters, you wrote 1
OK 80, 8, 90
OK 80, 8, 90
ERROR LINE 6: TURN has 2 parameters, you wrote 1
OK 86, 8, 90
OK 86, 8, 90
ERROR LINE 6: TURN has 2 parameters, you wrote 1
OK 92, 8, 90
OK 92, 8, 90
ERROR LINE 6: TURN has 2 parameters, you wrote 1
OK 98, 8, 90
OK 98, 8, 90
ERROR LINE 6: TURN has 2 parameters, you wrote 1
OK 104, 8, 90
OK 104, 8, 90
ERROR LINE 6: TURN has 2 parameters, you wrote 1
OK 110, 8, 90
OK 110, 8, 90
ERROR LINE 6: TURN has 2 parameters, you wrote 1
OK 116, 8, 90
OK 116, 8, 90
ERROR LINE 6: TURN has 2 parameters, you wrote 1
OK 122, 8, 90
OK 122, 8, 90
ERROR LINE 6: TURN has 2 parameters, you wrote 1
OK 128, 8, 90
OK 128, 8, 90
ERROR LINE 6: TURN has 2 parameters, you wrote 1
OK 134, 8, 90
OK 134, 8, 90
ERROR LINE 6: TURN has 2 parameters, you wrote 1
OK 140, 8, 90
OK 140, 8, 90
ERROR LINE 6: TURN has 2 parameters, you wrote 1
OK 146, 8, 90
OK 146, 8, 90
ERROR LINE 6: TURN has 2 parameters, you wrote 1
OK 152, 8, 90
OK 152, 8, 90
ERROR LINE 6: TURN has 2 parameters, you wrote 1
OK 158, 8, 90
OK 158, 8, 90
ERROR LINE 6: TURN has 2 parameters, you wrote 1
OK 164, 8, 90
OK 164, 8, 90
ERROR LINE 6: TURN has 2 parameters, you wrote 1
OK 170, 8, 90
OK 170, 8, 90
ERROR LINE 6: TURN has 2 parameters, you wrote 1
OK 176, 8, 90
OK 176, 8, 90
ERROR LINE 6: TURN has 2 parameters, you wrote 1
OK 182, 8, 90
OK 182, 8, 90
ERROR LINE 6: TURN has 2 parameters, you wrote 1
OK 188, 8, 90
OK 188, 8, 90
ERROR LINE 6: TURN has 2 parameters, you wrote 1
OK 194, 8, 90
OK 194, 8, 90
ERROR LINE 6: TURN has 2 parameters, you wrote 1
OK 200, 8, 90
OK 200, 8, 90
ERROR LINE 6: TURN has 2 parameters, you wrote 1
OK 206, 8, 90
OK 206, 8, 90
ERROR LINE 6: TURN has 2 parameters, you wrote 1
OK 212, 8, 90
OK 212, 8, 90
ERROR LINE 6: TURN has 2 parameters, you wrote 1
OK 218, 8, 90
OK 218, 8, 90
ERROR LINE 6: TURN has 2 parameters, you wrote 1
OK 224, 8, 90
OK 224, 8, 90
ERROR LINE 6: TURN has 2 parameters, you wrote 1
OK 230, 8, 90
OK 230, 8, 90
ERROR LINE 6: TURN has 2 parameters, you wrote 1
OK 236, 8, 90
OK 236, 8, 90
ERROR LINE 6: TURN has 2 parameters, you wrote 1
OK 242, 8, 90
OK 242, 8, 90
ERROR LINE 6: TURN has 2 parameters, you wrote 1
OK 248, 8, 90
OK 248, 8, 90
ERROR LINE 6: TURN has 2 parameters, you wrote 1
OK 254, 8, 90
OK 254, 8, 90
ERROR LINE 6: TURN has 2 parameters, you wrote 1
OK 260, 8, 90
OK 260, 8, 90
ERROR LINE 6: TURN has 2 parameters, you wrote 1
OK 266, 8, 90
OK 266, 8, 90
ERROR LINE 6: TURN has 2 parameters, you wrote 1
OK 272, 8, 90
OK 272, 8, 90
ERROR LINE 6: TURN has 2 parameters, you wrote 1
OK 278, 8, 90
OK 278, 8, 90
ERROR LINE 6: TURN has 2 parameters, you wrote 1
OK 284, 8, 90
OK 284, 8, 90
ERROR LINE 6: TURN has 2 parameters, you wrote 1
OK 290, 8, 90
OK 290, 8, 90
ERROR LINE 6: TURN has 2 parameters, you wrote 1
OK 296, 8, 90
OK 296, 8, 90
ERROR LINE 6: TURN has 2 parameters, you wrote 1
OK 302, 8, 90
OK 302, 8, 90
ERROR LINE 6: TURN has 2 parameters, you wrote 1
OK 308, 8, 90
OK 308, 8, 90
OK 308, 8, 90
OK 308, 8, 97
OK 308, 8, 97
ERROR LINE 13: TURN has 2 parameters, you wrote 1
OK 328, 6, 97
OK 328, 6, 97
ERROR LINE 13: TURN has 2 parameters, you wrote 1
OK 348, 4, 97
OK 348, 4, 97
ERROR LINE 13: TURN has 2 parameters, you wrote 1
OK 368, 2, 97
OK 368, 2, 97
ERROR LINE 13: TURN has 2 parameters, you wrote 1
OK 388, 0, 97
OK 388, 0, 97
ERROR LINE 13: TURN has 2 parameters, you wrote 1
OK 408, -2, 97
OK 408, -2, 97
ERROR LINE 13: TURN has 2 parameters, you wrote 1
OK 428, -4, 97
OK 428, -4, 97
ERROR LINE 13: TURN has 2 parameters, you wrote 1
OK 448, -6, 97
OK 448, -6, 97
ERROR LINE 13: TURN has 2 parameters, you wrote 1
OK 468, -8, 97
OK 468, -8, 97
OK 448, -6, 97
OK 448, -6, 97
OK 448, -6, 104
OK 448, -6, 104
ERROR LINE 13: TURN has 2 parameters, you wrote 1
OK 467, -11, 104
OK 467, -11, 104
ERROR LINE 13: TURN has 2 parameters, you wrote 1
OK 486, -16, 104
OK 486, -16, 104
ERROR LINE 13: TURN has 2 parameters, you wrote 1
OK 505, -21, 104
OK 505, -21, 104
ERROR LINE 13: TURN has 2 parameters, you wrote 1
OK 524, -26, 104
OK 524, -26, 104
ERROR LINE 13: TURN has 2 parameters, you wrote 1
OK 543, -31, 104
OK 543, -31, 104
ERROR LINE 13: TURN has 2 parameters, you wrote 1
OK 562, -36, 104
OK 562, -36, 104
ERROR LINE 13: TURN has 2 parameters, you wrote 1
OK 581, -41, 104
OK 581, -41, 104
ERROR LINE 13: TURN has 2 parameters, you wrote 1
OK 600, -46, 104
OK 600, -46, 104
OK 581, -41, 104
OK 581, -41, 104
OK 581, -41, 111
OK 581, -41, 111
ERROR LINE 13: TURN has 2 parameters, you wrote 1
OK 600, -48, 111
OK 600, -48, 111
ERROR LINE 13: TURN has 2 parameters, you wrote 1
OK 619, -55, 111
OK 619, -55, 111
ERROR LINE 13: TURN has 2 parameters, you wrote 1
OK 638, -62, 111
OK 638, -62, 111
ERROR LINE 13: TURN has 2 parameters, you wrote 1
OK 657, -69, 111
OK 657, -69, 111
ERROR LINE 13: TURN has 2 parameters, you wrote 1
OK 676, -76, 111
OK 676, -76, 111
ERROR LINE 13: TURN has 2 parameters, you wrote 1
OK 695, -83, 111
OK 695, -83, 111
ERROR LINE 13: TURN has 2 parameters, you wrote 1
OK 714, -90, 111
OK 714, -90, 111
ERROR LINE 13: TURN has 2 parameters, you wrote 1
OK 733, -97, 111
OK 733, -97, 111
OK 714, -90, 111
OK 714, -90, 111
OK 714, -90, 118
OK 714, -90, 118
ERROR LINE 13: TURN has 2 parameters, you wrote 1
OK 732, -99, 118
OK 732, -99, 118
ERROR LINE 13: TURN has 2 parameters, you wrote 1
OK 750, -108, 118
OK 750, -108, 118
ERROR LINE 13: TURN has 2 parameters, you wrote 1
OK 768, -117, 118
OK 768, -117, 118
ERROR LINE 13: TURN has 2 parameters, you wrote 1
OK 786, -126, 118
OK 786, -126, 118
ERROR LINE 13: TURN has 2 parameters, you wrote 1
OK 804, -135, 118
OK 804, -135, 118
ERROR LINE 13: TURN has 2 parameters, you wrote 1
OK 822, -144, 118
OK 822, -144, 118
ERROR LINE 13: TURN has 2 parameters, you wrote 1
OK 840, -153, 118
OK 840, -153, 118
ERROR LINE 13: TURN has 2 parameters, you wrote 1
OK 858, -162, 118
OK 858, -162, 118
OK 840, -153, 118
OK 840, -153, 118
OK 840, -153, 125
OK 840, -153, 125
ERROR LINE 13: TURN has 2 parameters, you wrote 1
OK 856, -164, 125
OK 856, -164, 125
ERROR LINE 13: TURN has 2 parameters, you wrote 1
OK 872, -175, 125
OK 872, -175, 125
ERROR LINE 13: TURN has 2 parameters, you wrote 1
OK 888, -186, 125
OK 888, -186, 125
ERROR LINE 13: TURN has 2 parameters, you wrote 1
OK 904, -197, 125
OK 904, -197, 125
ERROR LINE 13: TURN has 2 parameters, you wrote 1
OK 920, -208, 125
OK 920, -208, 125
ERROR LINE 13: TURN has 2 parameters, you wrote 1
OK 936, -219, 125
OK 936, -219, 125
ERROR LINE 13: TURN has 2 parameters, you wrote 1
OK 952, -230, 125
OK 952, -230, 125
ERROR LINE 13: TURN has 2 parameters, you wrote 1
OK 968, -241, 125
OK 968, -241, 125
OK 952, -230, 125
OK 952, -230, 125
OK 952, -230, 132
OK 952, -230, 132
ERROR LINE 13: TURN has 2 parameters, you wrote 1
OK 967, -243, 132
OK 967, -243, 132
ERROR LINE 13: TURN has 2 parameters, you wrote 1
OK 982, -256, 132
OK 982, -256, 132
ERROR LINE 13: TURN has 2 parameters, you wrote 1
OK 997, -269, 132
OK 997, -269, 132
ERROR LINE 13: TURN has 2 parameters, you wrote 1
OK 1012, -282, 132
OK 1012, -282, 132
ERROR LINE 13: TURN has 2 parameters, you wrote 1
OK 1027, -295, 132
OK 1027, -295, 132
ERROR LINE 13: TURN has 2 parameters, you wrote 1
OK 1042, -308, 132
OK 1042, -308, 132
ERROR LINE 13: TURN has 2 parameters, you wrote 1
OK 1057, -321, 132
OK 1057, -321, 132
ERROR LINE 13: TURN has 2 parameters, you wrote 1
OK 1072, -334, 132
OK 1072, -334, 132
OK 1057, -321, 132
OK 1057, -321, 132
OK 1057, -321, 139
OK 1057, -321, 139
ERROR LINE 13: TURN has 2 parameters, you wrote 1
OK 1070, -336, 139
OK 1070, -336, 139
ERROR LINE 13: TURN has 2 parameters, you wrote 1
OK 1083, -351, 139
OK 1083, -351, 139
ERROR LINE 13: TURN has 2 parameters, you wrote 1
OK 1096, -366, 139
OK 1096, -366, 139
ERROR LINE 13: TURN has 2 parameters, you wrote 1
OK 1109, -381, 139
OK 1109, -381, 139
ERROR LINE 13: TURN has 2 parameters, you wrote 1
OK 1122, -396, 139
OK 1122, -396, 139
ERROR LINE 13: TURN has 2 parameters, you wrote 1
OK 1135, -411, 139
OK 1135, -411, 139
ERROR LINE 13: TURN has 2 parameters, you wrote 1
OK 1148, -426, 139
OK 1148, -426, 139
ERROR LINE 13: TURN has 2 parameters, you wrote 1
OK 1161, -441, 139
OK 1161, -441, 139
OK 1148, -426, 139
OK 1148, -426, 139
OK 1148, -426, 146
OK 1148, -426, 146
ERROR LINE 13: TURN has 2 parameters, you wrote 1
OK 1159, -443, 146
OK 1159, -443, 146
ERROR LINE 13: TURN has 2 parameters, you wrote 1
OK 1170, -460, 146
OK 1170, -460, 146
ERROR LINE 13: TURN has 2 parameters, you wrote 1
OK 1181, -477, 146
OK 1181, -477, 146
ERROR LINE 13: TURN has 2 parameters, you wrote 1
OK 1192, -494, 146
OK 1192, -494, 146
ERROR LINE 13: TURN has 2 parameters, you wrote 1
OK 1203, -511, 146
OK 1203, -511, 146
ERROR LINE 13: TURN has 2 parameters, you wrote 1
OK 1214, -528, 146
OK 1214, -528, 146
ERROR LINE 13: TURN has 2 parameters, you wrote 1
OK 1225, -545, 146
OK 1225, -545, 146
ERROR LINE 13: TURN has 2 parameters, you wrote 1
OK 1236, -562, 146
OK 1236, -562, 146
OK 1225, -545, 146
OK 1225, -545, 146
OK 1225, -545, 153
OK 1225, -545, 153
ERROR LINE 13: TURN has 2 parameters, you wrote 1
OK 1234, -563, 153
OK 1234, -563, 153
ERROR LINE 13: TURN has 2 parameters, you wrote 1
OK 1243, -581, 153
OK 1243, -581, 153
ERROR LINE 13: TURN has 2 parameters, you wrote 1
OK 1252, -599, 153
OK 1252, -599, 153
ERROR LINE 13: TURN has 2 parameters, you wrote 1
OK 1261, -617, 153
OK 1261, -617, 153
ERROR LINE 13: TURN has 2 parameters, you wrote 1
OK 1270, -635, 153
OK 1270, -635, 153
ERROR LINE 13: TURN has 2 parameters, you wrote 1
OK 1279, -653, 153
OK 1279, -653, 153
ERROR LINE 13: TURN has 2 parameters, you wrote 1
OK 1288, -671, 153
OK 1288, -671, 153
ERROR LINE 13: TURN has 2 parameters, you wrote 1
OK 1297, -689, 153
OK 1297, -689, 153
OK 1288, -671, 153
OK 1288, -671, 153
OK 1288, -671, 160
OK 1288, -671, 160
ERROR LINE 13: TURN has 2 parameters, you wrote 1
OK 1295, -690, 160
OK 1295, -690, 160
ERROR LINE 13: TURN has 2 parameters, you wrote 1
OK 1302, -709, 160
OK 1302, -709, 160
ERROR LINE 13: TURN has 2 parameters, you wrote 1
OK 1309, -728, 160
OK 1309, -728, 160
ERROR LINE 13: TURN has 2 parameters, you wrote 1
OK 1316, -747, 160
OK 1316, -747, 160
ERROR LINE 13: TURN has 2 parameters, you wrote 1
OK 1323, -766, 160
OK 1323, -766, 160
ERROR LINE 13: TURN has 2 parameters, you wrote 1
OK 1330, -785, 160
OK 1330, -785, 160
ERROR LINE 13: TURN has 2 parameters, you wrote 1
OK 1337, -804, 160
OK 1337, -804, 160
ERROR LINE 13: TURN has 2 parameters, you wrote 1
OK 1344, -823, 160
OK 1344, -823, 160
OK 1337, -804, 160
OK 1337, -804, 160
OK 1337, -804, 167
OK 1337, -804, 167
ERROR LINE 13: TURN has 2 parameters, you wrote 1
OK 1341, -823, 167
OK 1341, -823, 167
ERROR LINE 13: TURN has 2 parameters, you wrote 1
OK 1345, -842, 167
OK 1345, -842, 167
ERROR LINE 13: TURN has 2 parameters, you wrote 1
OK 1349, -861, 167
OK 1349, -861, 167
ERROR LINE 13: TURN has 2 parameters, you wrote 1
OK 1353, -880, 167
OK 1353, -880, 167
ERROR LINE 13: TURN has 2 parameters, you wrote 1
OK 1357, -899, 167
OK 1357, -899, 167
ERROR LINE 13: TURN has 2 parameters, you wrote 1
OK 1361, -918, 167
OK 1361, -918, 167
ERROR LINE 13: TURN has 2 parameters, you wrote 1
OK 1365, -937, 167
OK 1365, -937, 167
ERROR LINE 13: TURN has 2 parameters, you wrote 1
OK 1369, -956, 167
OK 1369, -956, 167
OK 1365, -937, 167
OK 1365, -937, 167
OK 1365, -937, 174
OK 1365, -937, 174
ERROR LINE 13: TURN has 2 parameters, you wrote 1
OK 1367, -957, 174
OK 1367, -957, 174
ERROR LINE 13: TURN has 2 parameters, you wrote 1
OK 1369, -977, 174
OK 1369, -977, 174
ERROR LINE 13: TURN has 2 parameters, you wrote 1
OK 1371, -997, 174
OK 1371, -997, 174
ERROR LINE 13: TURN has 2 parameters, you wrote 1
OK 1373, -1017, 174
OK 1373, -1017, 174
ERROR LINE 13: TURN has 2 parameters, you wrote 1
OK 1375, -1037, 174
OK 1375, -1037, 174
ERROR LINE 13: TURN has 2 parameters, you wrote 1
OK 1377, -1057, 174
OK 1377, -1057, 174
ERROR LINE 13: TURN has 2 parameters, you wrote 1
OK 1379, -1077, 174
OK 1379, -1077, 174
ERROR LINE 13: TURN has 2 parameters, you wrote 1
OK 1381, -1097, 174
OK 1381, -1097, 174
OK 1379, -1077, 174
OK 1379, -1077, 174
OK 1379, -1077, 181
OK 1379, -1077, 181
ERROR LINE 13: TURN has 2 parameters, you wrote 1
OK 1379, -1097, 181
OK 1379, -1097, 181
ERROR LINE 13: TURN has 2 parameters, you wrote 1
OK 1379, -1117, 181
OK 1379, -1117, 181
ERROR LINE 13: TURN has 2 parameters, you wrote 1
OK 1379, -1137, 181
OK 1379, -1137, 181
ERROR LINE 13: TURN has 2 parameters, you wrote 1
OK 1379, -1157, 181
OK 1379, -1157, 181
ERROR LINE 13: TURN has 2 parameters, you wrote 1
OK 1379, -1177, 181
OK 1379, -1177, 181
ERROR LINE 13: TURN has 2 parameters, you wrote 1
OK 1379, -1197, 181
OK 1379, -1197, 181
ERROR LINE 13: TURN has 2 parameters, you wrote 1
OK 1379, -1217, 181
OK 1379, -1217, 181
ERROR LINE 13: TURN has 2 parameters, you wrote 1
OK 1379, -1237, 181
OK 1379, -1237, 181
OK 1379, -1217, 181
OK 1379, -1217, 181
OK 1379, -1217, 188
OK 1379, -1217, 188
ERROR LINE 13: TURN has 2 parameters, you wrote 1
OK 1376, -1237, 188
OK 1376, -1237, 188
ERROR LINE 13: TURN has 2 parameters, you wrote 1
OK 1373, -1257, 188
OK 1373, -1257, 188
ERROR LINE 13: TURN has 2 parameters, you wrote 1
OK 1370, -1277, 188
OK 1370, -1277, 188
ERROR LINE 13: TURN has 2 parameters, you wrote 1
OK 1367, -1297, 188
OK 1367, -1297, 188
ERROR LINE 13: TURN has 2 parameters, you wrote 1
OK 1364, -1317, 188
OK 1364, -1317, 188
ERROR LINE 13: TURN has 2 parameters, you wrote 1
OK 1361, -1337, 188
OK 1361, -1337, 188
ERROR LINE 13: TURN has 2 parameters, you wrote 1
OK 1358, -1357, 188
OK 1358, -1357, 188
ERROR LINE 13: TURN has 2 parameters, you wrote 1
OK 1355, -1377, 188
OK 1355, -1377, 188
OK 1358, -1357, 188
OK 1358, -1357, 188
OK 1358, -1357, 195
OK 1358, -1357, 195
ERROR LINE 13: TURN has 2 parameters, you wrote 1
OK 1353, -1376, 195
OK 1353, -1376, 195
ERROR LINE 13: TURN has 2 parameters, you wrote 1
OK 1348, -1395, 195
OK 1348, -1395, 195
ERROR LINE 13: TURN has 2 parameters, you wrote 1
OK 1343, -1414, 195
OK 1343, -1414, 195
ERROR LINE 13: TURN has 2 parameters, you wrote 1
OK 1338, -1433, 195
OK 1338, -1433, 195
ERROR LINE 13: TURN has 2 parameters, you wrote 1
OK 1333, -1452, 195
OK 1333, -1452, 195
ERROR LINE 13: TURN has 2 parameters, you wrote 1
OK 1328, -1471, 195
OK 1328, -1471, 195
ERROR LINE 13: TURN has 2 parameters, you wrote 1
OK 1323, -1490, 195
OK 1323, -1490, 195
ERROR LINE 13: TURN has 2 parameters, you wrote 1
OK 1318, -1509, 195
OK 1318, -1509, 195
OK 1323, -1490, 195
OK 1323, -1490, 195
OK 1323, -1490, 202
OK 1323, -1490, 202
ERROR LINE 13: TURN has 2 parameters, you wrote 1
OK 1316, -1509, 202
OK 1316, -1509, 202
ERROR LINE 13: TURN has 2 parameters, you wrote 1
OK 1309, -1528, 202
OK 1309, -1528, 202
ERROR LINE 13: TURN has 2 parameters, you wrote 1
OK 1302, -1547, 202
OK 1302, -1547, 202
ERROR LINE 13: TURN has 2 parameters, you wrote 1
OK 1295, -1566, 202
OK 1295, -1566, 202
ERROR LINE 13: TURN has 2 parameters, you wrote 1
OK 1288, -1585, 202
OK 1288, -1585, 202
ERROR LINE 13: TURN has 2 parameters, you wrote 1
OK 1281, -1604, 202
OK 1281, -1604, 202
ERROR LINE 13: TURN has 2 parameters, you wrote 1
OK 1274, -1623, 202
OK 1274, -1623, 202
ERROR LINE 13: TURN has 2 parameters, you wrote 1
OK 1267, -1642, 202
OK 1267, -1642, 202
OK 1274, -1623, 202
OK 1274, -1623, 202
OK 1274, -1623, 209
OK 1274, -1623, 209
ERROR LINE 13: TURN has 2 parameters, you wrote 1
OK 1264, -1640, 209
OK 1264, -1640, 209
ERROR LINE 13: TURN has 2 parameters, you wrote 1
OK 1254, -1657, 209
OK 1254, -1657, 209
ERROR LINE 13: TURN has 2 parameters, you wrote 1
OK 1244, -1674, 209
OK 1244, -1674, 209
ERROR LINE 13: TURN has 2 parameters, you wrote 1
OK 1234, -1691, 209
OK 1234, -1691, 209
ERROR LINE 13: TURN has 2 parameters, you wrote 1
OK 1224, -1708, 209
OK 1224, -1708, 209
ERROR LINE 13: TURN has 2 parameters, you wrote 1
OK 1214, -1725, 209
OK 1214, -1725, 209
ERROR LINE 13: TURN has 2 parameters, you wrote 1
OK 1204, -1742, 209
OK 1204, -1742, 209
ERROR LINE 13: TURN has 2 parameters, you wrote 1
OK 1194, -1759, 209
OK 1194, -1759, 209
OK 1204, -1742, 209
OK 1204, -1742, 209
OK 1204, -1742, 216
OK 1204, -1742, 216
ERROR LINE 13: TURN has 2 parameters, you wrote 1
OK 1192, -1758, 216
OK 1192, -1758, 216
ERROR LINE 13: TURN has 2 parameters, you wrote 1
OK 1180, -1774, 216
OK 1180, -1774, 216
ERROR LINE 13: TURN has 2 parameters, you wrote 1
OK 1168, -1790, 216
OK 1168, -1790, 216
ERROR LINE 13: TURN has 2 parameters, you wrote 1
OK 1156, -1806, 216
OK 1156, -1806, 216
ERROR LINE 13: TURN has 2 parameters, you wrote 1
OK 1144, -1822, 216
OK 1144, -1822, 216
ERROR LINE 13: TURN has 2 parameters, you wrote 1
OK 1132, -1838, 216
OK 1132, -1838, 216
ERROR LINE 13: TURN has 2 parameters, you wrote 1
OK 1120, -1854, 216
OK 1120, -1854, 216
ERROR LINE 13: TURN has 2 parameters, you wrote 1
OK 1108, -1870, 216
OK 1108, -1870, 216
OK 1120, -1854, 216
OK 1120, -1854, 216
OK 1120, -1854, 223
OK 1120, -1854, 223
ERROR LINE 13: TURN has 2 parameters, you wrote 1
OK 1106, -1869, 223
OK 1106, -1869, 223
ERROR LINE 13: TURN has 2 parameters, you wrote 1
OK 1092, -1884, 223
OK 1092, -1884, 223
ERROR LINE 13: TURN has 2 parameters, you wrote 1
OK 1078, -1899, 223
OK 1078, -1899, 223
ERROR LINE 13: TURN has 2 parameters, you wrote 1
OK 1064, -1914, 223
OK 1064, -1914, 223
ERROR LINE 13: TURN has 2 parameters, you wrote 1
OK 1050, -1929, 223
OK 1050, -1929, 223
ERROR LINE 13: TURN has 2 parameters, you wrote 1
OK 1036, -1944, 223
OK 1036, -1944, 223
ERROR LINE 13: TURN has 2 parameters, you wrote 1
OK 1022, -1959, 223
OK 1022, -1959, 223
ERROR LINE 13: TURN has 2 parameters, you wrote 1
OK 1008, -1974, 223
OK 1008, -1974, 223
OK 1022, -1959, 223
OK 1022, -1959, 223
OK 1022, -1959, 230
OK 1022, -1959, 230
ERROR LINE 13: TURN has 2 parameters, you wrote 1
OK 1007, -1972, 230
OK 1007, -1972, 230
ERROR LINE 13: TURN has 2 parameters, you wrote 1
OK 992, -1985, 230
OK 992, -1985, 230
ERROR LINE 13: TURN has 2 parameters, you wrote 1
OK 977, -1998, 230
OK 977, -1998, 230
ERROR LINE 13: TURN has 2 parameters, you wrote 1
OK 962, -2011, 230
OK 962, -2011, 230
ERROR LINE 13: TURN has 2 parameters, you wrote 1
OK 947, -2024, 230
OK 947, -2024, 230
ERROR LINE 13: TURN has 2 parameters, you wrote 1
OK 932, -2037, 230
OK 932, -2037, 230
ERROR LINE 13: TURN has 2 parameters, you wrote 1
OK 917, -2050, 230
OK 917, -2050, 230
ERROR LINE 13: TURN has 2 parameters, you wrote 1
OK 902, -2063, 230
OK 902, -2063, 230
OK 917, -2050, 230
OK 917, -2050, 230
OK 917, -2050, 237
OK 917, -2050, 237
ERROR LINE 13: TURN has 2 parameters, you wrote 1
OK 900, -2061, 237
OK 900, -2061, 237
ERROR LINE 13: TURN has 2 parameters, you wrote 1
OK 883, -2072, 237
OK 883, -2072, 237
ERROR LINE 13: TURN has 2 parameters, you wrote 1
OK 866, -2083, 237
OK 866, -2083, 237
ERROR LINE 13: TURN has 2 parameters, you wrote 1
OK 849, -2094, 237
OK 849, -2094, 237
ERROR LINE 13: TURN has 2 parameters, you wrote 1
OK 832, -2105, 237
OK 832, -2105, 237
ERROR LINE 13: TURN has 2 parameters, you wrote 1
OK 815, -2116, 237
OK 815, -2116, 237
ERROR LINE 13: TURN has 2 parameters, you wrote 1
OK 798, -2127, 237
OK 798, -2127, 237
ERROR LINE 13: TURN has 2 parameters, you wrote 1
OK 781, -2138, 237
OK 781, -2138, 237
OK 798, -2127, 237
OK 798, -2127, 237
OK 798, -2127, 244
OK 798, -2127, 244
ERROR LINE 13: TURN has 2 parameters, you wrote 1
OK 780, -2136, 244
OK 780, -2136, 244
ERROR LINE 13: TURN has 2 parameters, you wrote 1
OK 762, -2145, 244
OK 762, -2145, 244
ERROR LINE 13: TURN has 2 parameters, you wrote 1
OK 744, -2154, 244
OK 744, -2154, 244
ERROR LINE 13: TURN has 2 parameters, you wrote 1
OK 726, -2163, 244
OK 726, -2163, 244
ERROR LINE 13: TURN has 2 parameters, you wrote 1
OK 708, -2172, 244
OK 708, -2172, 244
ERROR LINE 13: TURN has 2 parameters, you wrote 1
OK 690, -2181, 244
OK 690, -2181, 244
ERROR LINE 13: TURN has 2 parameters, you wrote 1
OK 672, -2190, 244
OK 672, -2190, 244
ERROR LINE 13: TURN has 2 parameters, you wrote 1
OK 654, -2199, 244
OK 654, -2199, 244
OK 672, -2190, 244
OK 672, -2190, 244
OK 672, -2190, 251
OK 672, -2190, 251
ERROR LINE 13: TURN has 2 parameters, you wrote 1
OK 653, -2197, 251
OK 653, -2197, 251
ERROR LINE 13: TURN has 2 parameters, you wrote 1
OK 634, -2204, 251
OK 634, -2204, 251
ERROR LINE 13: TURN has 2 parameters, you wrote 1
OK 615, -2211, 251
OK 615, -2211, 251
ERROR LINE 13: TURN has 2 parameters, you wrote 1
OK 596, -2218, 251
OK 596, -2218, 251
ERROR LINE 13: TURN has 2 parameters, you wrote 1
OK 577, -2225, 251
OK 577, -2225, 251
ERROR LINE 13: TURN has 2 parameters, you wrote 1
OK 558, -2232, 251
OK 558, -2232, 251
ERROR LINE 13: TURN has 2 parameters, you wrote 1
OK 539, -2239, 251
OK 539, -2239, 251
ERROR LINE 13: TURN has 2 parameters, you wrote 1
OK 520, -2246, 251
OK 520, -2246, 251
OK 539, -2239, 251
OK 539, -2239, 251
OK 539, -2239, 258
OK 539, -2239, 258
ERROR LINE 13: TURN has 2 parameters, you wrote 1
OK 519, -2243, 258
OK 519, -2243, 258
ERROR LINE 13: TURN has 2 parameters, you wrote 1
OK 499, -2247, 258
OK 499, -2247, 258
ERROR LINE 13: TURN has 2 parameters, you wrote 1
OK 479, -2251, 258
OK 479, -2251, 258
ERROR LINE 13: TURN has 2 parameters, you wrote 1
OK 459, -2255, 258
OK 459, -2255, 258
ERROR LINE 13: TURN has 2 parameters, you wrote 1
OK 439, -2259, 258
OK 439, -2259, 258
ERROR LINE 13: TURN has 2 parameters, you wrote 1
OK 419, -2263, 258
OK 419, -2263, 258
ERROR LINE 13: TURN has 2 parameters, you wrote 1
OK 399, -2267, 258
OK 399, -2267, 258
ERROR LINE 13: TURN has 2 parameters, you wrote 1
OK 379, -2271, 258
OK 379, -2271, 258
OK 399, -2267, 258
OK 399, -2267, 258
OK 399, -2267, 265
OK 399, -2267, 265
ERROR LINE 13: TURN has 2 parameters, you wrote 1
OK 379, -2269, 265
OK 379, -2269, 265
ERROR LINE 13: TURN has 2 parameters, you wrote 1
OK 359, -2271, 265
OK 359, -2271, 265
ERROR LINE 13: TURN has 2 parameters, you wrote 1
OK 339, -2273, 265
OK 339, -2273, 265
ERROR LINE 13: TURN has 2 parameters, you wrote 1
OK 319, -2275, 265
OK 319, -2275, 265
ERROR LINE 13: TURN has 2 parameters, you wrote 1
OK 299, -2277, 265
OK 299, -2277, 265
ERROR LINE 13: TURN has 2 parameters, you wrote 1
OK 279, -2279, 265
OK 279, -2279, 265
ERROR LINE 13: TURN has 2 parameters, you wrote 1
OK 259, -2281, 265
OK 259, -2281, 265
ERROR LINE 13: TURN has 2 parameters, you wrote 1
OK 239, -2283, 265
OK 239, -2283, 265
OK 259, -2281, 265
OK 259, -2281, 265
OK 259, -2281, 272
OK 259, -2281, 272
ERROR LINE 13: TURN has 2 parameters, you wrote 1
OK 239, -2280, 272
OK 239, -2280, 272
ERROR LINE 13: TURN has 2 parameters, you wrote 1
OK 219, -2279, 272
OK 219, -2279, 272
ERROR LINE 13: TURN has 2 parameters, you wrote 1
OK 199, -2278, 272
OK 199, -2278, 272
ERROR LINE 13: TURN has 2 parameters, you wrote 1
OK 179, -2277, 272
OK 179, -2277, 272
ERROR LINE 13: TURN has 2 parameters, you wrote 1
OK 159, -2276, 272
OK 159, -2276, 272
ERROR LINE 13: TURN has 2 parameters, you wrote 1
OK 139, -2275, 272
OK 139, -2275, 272
ERROR LINE 13: TURN has 2 parameters, you wrote 1
OK 119, -2274, 272
OK 119, -2274, 272
ERROR LINE 13: TURN has 2 parameters, you wrote 1
OK 99, -2273, 272
OK 99, -2273, 272
OK 119, -2274, 272
OK 119, -2274, 272
OK 119, -2274, 279
OK 119, -2274, 279
ERROR LINE 13: TURN has 2 parameters, you wrote 1
OK 99, -2271, 279
OK 99, -2271, 279
ERROR LINE 13: TURN has 2 parameters, you wrote 1
OK 79, -2268, 279
OK 79, -2268, 279
ERROR LINE 13: TURN has 2 parameters, you wrote 1
OK 59, -2265, 279
OK 59, -2265, 279
ERROR LINE 13: TURN has 2 parameters, you wrote 1
OK 39, -2262, 279
OK 39, -2262, 279
ERROR LINE 13: TURN has 2 parameters, you wrote 1
OK 19, -2259, 279
OK 19, -2259, 279
ERROR LINE 13: TURN has 2 parameters, you wrote 1
OK -1, -2256, 279
OK -1, -2256, 279
ERROR LINE 13: TURN has 2 parameters, you wrote 1
OK -21, -2253, 279
OK -21, -2253, 279
ERROR LINE 13: TURN has 2 parameters, you wrote 1
OK -41, -2250, 279
OK -41, -2250, 279
OK -21, -2253, 279
OK -21, -2253, 279
OK -21, -2253, 286
OK -21, -2253, 286
ERROR LINE 13: TURN has 2 parameters, you wrote 1
OK -40, -2247, 286
OK -40, -2247, 286
ERROR LINE 13: TURN has 2 parameters, you wrote 1
OK -59, -2241, 286
OK -59, -2241, 286
ERROR LINE 13: TURN has 2 parameters, you wrote 1
OK -78, -2235, 286
OK -78, -2235, 286
ERROR LINE 13: TURN has 2 parameters, you wrote 1
OK -97, -2229, 286
OK -97, -2229, 286
ERROR LINE 13: TURN has 2 parameters, you wrote 1
OK -116, -2223, 286
OK -116, -2223, 286
ERROR LINE 13: TURN has 2 parameters, you wrote 1
OK -135, -2217, 286
OK -135, -2217, 286
ERROR LINE 13: TURN has 2 parameters, you wrote 1
OK -154, -2211, 286
OK -154, -2211, 286
ERROR LINE 13: TURN has 2 parameters, you wrote 1
OK -173, -2205, 286
OK -173, -2205, 286
OK -154, -2211, 286
OK -154, -2211, 286
OK -154, -2211, 293
OK -154, -2211, 293
ERROR LINE 13: TURN has 2 parameters, you wrote 1
OK -172, -2203, 293
OK -172, -2203, 293
ERROR LINE 13: TURN has 2 parameters, you wrote 1
OK -190, -2195, 293
OK -190, -2195, 293
ERROR LINE 13: TURN has 2 parameters, you wrote 1
OK -208, -2187, 293
OK -208, -2187, 293
ERROR LINE 13: TURN has 2 parameters, you wrote 1
OK -226, -2179, 293
OK -226, -2179, 293
ERROR LINE 13: TURN has 2 parameters, you wrote 1
OK -244, -2171, 293
OK -244, -2171, 293
ERROR LINE 13: TURN has 2 parameters, you wrote 1
OK -262, -2163, 293
OK -262, -2163, 293
ERROR LINE 13: TURN has 2 parameters, you wrote 1
OK -280, -2155, 293
OK -280, -2155, 293
ERROR LINE 13: TURN has 2 parameters, you wrote 1
OK -298, -2147, 293
OK -298, -2147, 293
OK -280, -2155, 293
OK -280, -2155, 293
OK -280, -2155, 300
OK -280, -2155, 300
ERROR LINE 13: TURN has 2 parameters, you wrote 1
OK -297, -2145, 300
OK -297, -2145, 300
ERROR LINE 13: TURN has 2 parameters, you wrote 1
OK -314, -2135, 300
OK -314, -2135, 300
ERROR LINE 13: TURN has 2 parameters, you wrote 1
OK -331, -2125, 300
OK -331, -2125, 300
ERROR LINE 13: TURN has 2 parameters, you wrote 1
OK -348, -2115, 300
OK -348, -2115, 300
ERROR LINE 13: TURN has 2 parameters, you wrote 1
OK -365, -2105, 300
OK -365, -2105, 300
ERROR LINE 13: TURN has 2 parameters, you wrote 1
OK -382, -2095, 300
OK -382, -2095, 300
ERROR LINE 13: TURN has 2 parameters, you wrote 1
OK -399, -2085, 300
OK -399, -2085, 300
ERROR LINE 13: TURN has 2 parameters, you wrote 1
OK -416, -2075, 300
OK -416, -2075, 300
OK -399, -2085, 300
OK -399, -2085, 300
OK -399, -2085, 307
OK -399, -2085, 307
ERROR LINE 13: TURN has 2 parameters, you wrote 1
OK -415, -2073, 307
OK -415, -2073, 307
ERROR LINE 13: TURN has 2 parameters, you wrote 1
OK -431, -2061, 307
OK -431, -2061, 307
ERROR LINE 13: TURN has 2 parameters, you wrote 1
OK -447, -2049, 307
OK -447, -2049, 307
ERROR LINE 13: TURN has 2 parameters, you wrote 1
OK -463, -2037, 307
OK -463, -2037, 307
ERROR LINE 13: TURN has 2 parameters, you wrote 1
OK -479, -2025, 307
OK -479, -2025, 307
ERROR LINE 13: TURN has 2 parameters, you wrote 1
OK -495, -2013, 307
OK -495, -2013, 307
ERROR LINE 13: TURN has 2 parameters, you wrote 1
OK -511, -2001, 307
OK -511, -2001, 307
ERROR LINE 13: TURN has 2 parameters, you wrote 1
OK -527, -1989, 307
OK -527, -1989, 307
OK -511, -2001, 307
OK -511, -2001, 307
OK -511, -2001, 314
OK -511, -2001, 314
ERROR LINE 13: TURN has 2 parameters, you wrote 1
OK -525, -1987, 314
OK -525, -1987, 314
ERROR LINE 13: TURN has 2 parameters, you wrote 1
OK -539, -1973, 314
OK -539, -1973, 314
ERROR LINE 13: TURN has 2 parameters, you wrote 1
OK -553, -1959, 314
OK -553, -1959, 314
ERROR LINE 13: TURN has 2 parameters, you wrote 1
OK -567, -1945, 314
OK -567, -1945, 314
ERROR LINE 13: TURN has 2 parameters, you wrote 1
OK -581, -1931, 314
OK -581, -1931, 314
ERROR LINE 13: TURN has 2 parameters, you wrote 1
OK -595, -1917, 314
OK -595, -1917, 314
ERROR LINE 13: TURN has 2 parameters, you wrote 1
OK -609, -1903, 314
OK -609, -1903, 314
ERROR LINE 13: TURN has 2 parameters, you wrote 1
OK -623, -1889, 314
OK -623, -1889, 314
OK -609, -1903, 314
OK -609, -1903, 314
OK -609, -1903, 321
OK -609, -1903, 321
ERROR LINE 13: TURN has 2 parameters, you wrote 1
OK -622, -1887, 321
OK -622, -1887, 321
ERROR LINE 13: TURN has 2 parameters, you wrote 1
OK -635, -1871, 321
OK -635, -1871, 321
ERROR LINE 13: TURN has 2 parameters, you wrote 1
OK -648, -1855, 321
OK -648, -1855, 321
ERROR LINE 13: TURN has 2 parameters, you wrote 1
OK -661, -1839, 321
OK -661, -1839, 321
ERROR LINE 13: TURN has 2 parameters, you wrote 1
OK -674, -1823, 321
OK -674, -1823, 321
ERROR LINE 13: TURN has 2 parameters, you wrote 1
OK -687, -1807, 321
OK -687, -1807, 321
ERROR LINE 13: TURN has 2 parameters, you wrote 1
OK -700, -1791, 321
OK -700, -1791, 321
ERROR LINE 13: TURN has 2 parameters, you wrote 1
OK -713, -1775, 321
OK -713, -1775, 321
OK -700, -1791, 321
OK -700, -1791, 321
OK -700, -1791, 328
OK -700, -1791, 328
ERROR LINE 13: TURN has 2 parameters, you wrote 1
OK -711, -1774, 328
OK -711, -1774, 328
ERROR LINE 13: TURN has 2 parameters, you wrote 1
OK -722, -1757, 328
OK -722, -1757, 328
ERROR LINE 13: TURN has 2 parameters, you wrote 1
OK -733, -1740, 328
OK -733, -1740, 328
ERROR LINE 13: TURN has 2 parameters, you wrote 1
OK -744, -1723, 328
OK -744, -1723, 328
ERROR LINE 13: TURN has 2 parameters, you wrote 1
OK -755, -1706, 328
OK -755, -1706, 328
ERROR LINE 13: TURN has 2 parameters, you wrote 1
OK -766, -1689, 328
OK -766, -1689, 328
ERROR LINE 13: TURN has 2 parameters, you wrote 1
OK -777, -1672, 328
OK -777, -1672, 328
ERROR LINE 13: TURN has 2 parameters, you wrote 1
OK -788, -1655, 328
OK -788, -1655, 328
OK -777, -1672, 328
OK -777, -1672, 328
OK -777, -1672, 335
OK -777, -1672, 335
ERROR LINE 13: TURN has 2 parameters, you wrote 1
OK -785, -1654, 335
OK -785, -1654, 335
ERROR LINE 13: TURN has 2 parameters, you wrote 1
OK -793, -1636, 335
OK -793, -1636, 335
ERROR LINE 13: TURN has 2 parameters, you wrote 1
OK -801, -1618, 335
OK -801, -1618, 335
ERROR LINE 13: TURN has 2 parameters, you wrote 1
OK -809, -1600, 335
OK -809, -1600, 335
ERROR LINE 13: TURN has 2 parameters, you wrote 1
OK -817, -1582, 335
OK -817, -1582, 335
ERROR LINE 13: TURN has 2 parameters, you wrote 1
OK -825, -1564, 335
OK -825, -1564, 335
ERROR LINE 13: TURN has 2 parameters, you wrote 1
OK -833, -1546, 335
OK -833, -1546, 335
ERROR LINE 13: TURN has 2 parameters, you wrote 1
OK -841, -1528, 335
OK -841, -1528, 335
OK -833, -1546, 335
OK -833, -1546, 335
OK -833, -1546, 342
OK -833, -1546, 342
ERROR LINE 13: TURN has 2 parameters, you wrote 1
OK -839, -1527, 342
OK -839, -1527, 342
ERROR LINE 13: TURN has 2 parameters, you wrote 1
OK -845, -1508, 342
OK -845, -1508, 342
ERROR LINE 13: TURN has 2 parameters, you wrote 1
OK -851, -1489, 342
OK -851, -1489, 342
ERROR LINE 13: TURN has 2 parameters, you wrote 1
OK -857, -1470, 342
OK -857, -1470, 342
ERROR LINE 13: TURN has 2 parameters, you wrote 1
OK -863, -1451, 342
OK -863, -1451, 342
ERROR LINE 13: TURN has 2 parameters, you wrote 1
OK -869, -1432, 342
OK -869, -1432, 342
ERROR LINE 13: TURN has 2 parameters, you wrote 1
OK -875, -1413, 342
OK -875, -1413, 342
ERROR LINE 13: TURN has 2 parameters, you wrote 1
OK -881, -1394, 342
OK -881, -1394, 342
OK -875, -1413, 342
OK -875, -1413, 342
OK -875, -1413, 349
OK -875, -1413, 349
ERROR LINE 13: TURN has 2 parameters, you wrote 1
OK -879, -1393, 349
OK -879, -1393, 349
ERROR LINE 13: TURN has 2 parameters, you wrote 1
OK -883, -1373, 349
OK -883, -1373, 349
ERROR LINE 13: TURN has 2 parameters, you wrote 1
OK -887, -1353, 349
OK -887, -1353, 349
ERROR LINE 13: TURN has 2 parameters, you wrote 1
OK -891, -1333, 349
OK -891, -1333, 349
ERROR LINE 13: TURN has 2 parameters, you wrote 1
OK -895, -1313, 349
OK -895, -1313, 349
ERROR LINE 13: TURN has 2 parameters, you wrote 1
OK -899, -1293, 349
OK -899, -1293, 349
ERROR LINE 13: TURN has 2 parameters, you wrote 1
OK -903, -1273, 349
OK -903, -1273, 349
ERROR LINE 13: TURN has 2 parameters, you wrote 1
OK -907, -1253, 349
OK -907, -1253, 349
OK -903, -1273, 349
OK -903, -1273, 349
OK -903, -1273, 356
OK -903, -1273, 356
ERROR LINE 13: TURN has 2 parameters, you wrote 1
OK -904, -1253, 356
OK -904, -1253, 356
ERROR LINE 13: TURN has 2 parameters, you wrote 1
OK -905, -1233, 356
OK -905, -1233, 356
ERROR LINE 13: TURN has 2 parameters, you wrote 1
OK -906, -1213, 356
OK -906, -1213, 356
ERROR LINE 13: TURN has 2 parameters, you wrote 1
OK -907, -1193, 356
OK -907, -1193, 356
ERROR LINE 13: TURN has 2 parameters, you wrote 1
OK -908, -1173, 356
OK -908, -1173, 356
ERROR LINE 13: TURN has 2 parameters, you wrote 1
OK -909, -1153, 356
OK -909, -1153, 356
ERROR LINE 13: TURN has 2 parameters, you wrote 1
OK -910, -1133, 356
OK -910, -1133, 356
ERROR LINE 13: TURN has 2 parameters, you wrote 1
OK -911, -1113, 356
OK -911, -1113, 356
OK -910, -1133, 356
OK -910, -1133, 356
OK -910, -1133, 3
OK -910, -1133, 3
ERROR LINE 13: TURN has 2 parameters, you wrote 1
OK -909, -1113, 3
OK -909, -1113, 3
ERROR LINE 13: TURN has 2 parameters, you wrote 1
OK -908, -1093, 3
OK -908, -1093, 3
ERROR LINE 13: TURN has 2 parameters, you wrote 1
OK -907, -1073, 3
OK -907, -1073, 3
ERROR LINE 13: TURN has 2 parameters, you wrote 1
OK -906, -1053, 3
OK -906, -1053, 3
ERROR LINE 13: TURN has 2 parameters, you wrote 1
OK -905, -1033, 3
OK -905, -1033, 3
ERROR LINE 13: TURN has 2 parameters, you wrote 1
OK -904, -1013, 3
OK -904, -1013, 3
ERROR LINE 13: TURN has 2 parameters, you wrote 1
OK -903, -993, 3
OK -903, -993, 3
ERROR LINE 13: TURN has 2 parameters, you wrote 1
OK -902, -973, 3
OK -902, -973, 3
OK -903, -993, 3
OK -903, -993, 3
OK -903, -993, 10
OK -903, -993, 10
ERROR LINE 13: TURN has 2 parameters, you wrote 1
OK -900, -973, 10
OK -900, -973, 10
ERROR LINE 13: TURN has 2 parameters, you wrote 1
OK -897, -953, 10
OK -897, -953, 10
ERROR LINE 13: TURN has 2 parameters, you wrote 1
OK -894, -933, 10
OK -894, -933, 10
ERROR LINE 13: TURN has 2 parameters, you wrote 1
OK -891, -913, 10
OK -891, -913, 10
ERROR LINE 13: TURN has 2 parameters, you wrote 1
OK -888, -893, 10
OK -888, -893, 10
ERROR LINE 13: TURN has 2 parameters, you wrote 1
OK -885, -873, 10
OK -885, -873, 10
ERROR LINE 13: TURN has 2 parameters, you wrote 1
OK -882, -853, 10
OK -882, -853, 10
ERROR LINE 13: TURN has 2 parameters, you wrote 1
OK -879, -833, 10
OK -879, -833, 10
OK -882, -853, 10
OK -882, -853, 10
OK -882, -853, 17
OK -882, -853, 17
ERROR LINE 13: TURN has 2 parameters, you wrote 1
OK -876, -834, 17
OK -876, -834, 17
ERROR LINE 13: TURN has 2 parameters, you wrote 1
OK -870, -815, 17
OK -870, -815, 17
ERROR LINE 13: TURN has 2 parameters, you wrote 1
OK -864, -796, 17
OK -864, -796, 17
ERROR LINE 13: TURN has 2 parameters, you wrote 1
OK -858, -777, 17
OK -858, -777, 17
ERROR LINE 13: TURN has 2 parameters, you wrote 1
OK -852, -758, 17
OK -852, -758, 17
ERROR LINE 13: TURN has 2 parameters, you wrote 1
OK -846, -739, 17
OK -846, -739, 17
ERROR LINE 13: TURN has 2 parameters, you wrote 1
OK -840, -720, 17
OK -840, -720, 17
ERROR LINE 13: TURN has 2 parameters, you wrote 1
OK -834, -701, 17
OK -834, -701, 17
OK -840, -720, 17
OK -840, -720, 17
OK -840, -720, 24
OK -840, -720, 24
ERROR LINE 13: TURN has 2 parameters, you wrote 1
OK -832, -702, 24
OK -832, -702, 24
ERROR LINE 13: TURN has 2 parameters, you wrote 1
OK -824, -684, 24
OK -824, -684, 24
ERROR LINE 13: TURN has 2 parameters, you wrote 1
OK -816, -666, 24
OK -816, -666, 24
ERROR LINE 13: TURN has 2 parameters, you wrote 1
OK -808, -648, 24
OK -808, -648, 24
ERROR LINE 13: TURN has 2 parameters, you wrote 1
OK -800, -630, 24
OK -800, -630, 24
ERROR LINE 13: TURN has 2 parameters, you wrote 1
OK -792, -612, 24
OK -792, -612, 24
ERROR LINE 13: TURN has 2 parameters, you wrote 1
OK -784, -594, 24
OK -784, -594, 24
ERROR LINE 13: TURN has 2 parameters, you wrote 1
OK -776, -576, 24
OK -776, -576, 24
OK -784, -594, 24
OK -784, -594, 24
OK -784, -594, 31
OK -784, -594, 31
ERROR LINE 13: TURN has 2 parameters, you wrote 1
OK -774, -577, 31
OK -774, -577, 31
ERROR LINE 13: TURN has 2 parameters, you wrote 1
OK -764, -560, 31
OK -764, -560, 31
ERROR LINE 13: TURN has 2 parameters, you wrote 1
OK -754, -543, 31
OK -754, -543, 31
ERROR LINE 13: TURN has 2 parameters, you wrote 1
OK -744, -526, 31
OK -744, -526, 31
ERROR LINE 13: TURN has 2 parameters, you wrote 1
OK -734, -509, 31
OK -734, -509, 31
ERROR LINE 13: TURN has 2 parameters, you wrote 1
OK -724, -492, 31
OK -724, -492, 31
ERROR LINE 13: TURN has 2 parameters, you wrote 1
OK -714, -475, 31
OK -714, -475, 31
ERROR LINE 13: TURN has 2 parameters, you wrote 1
OK -704, -458, 31
OK -704, -458, 31
OK -714, -475, 31
OK -714, -475, 31
OK -714, -475, 38
OK -714, -475, 38
ERROR LINE 13: TURN has 2 parameters, you wrote 1
OK -702, -459, 38
OK -702, -459, 38
ERROR LINE 13: TURN has 2 parameters, you wrote 1
OK -690, -443, 38
OK -690, -443, 38
ERROR LINE 13: TURN has 2 parameters, you wrote 1
OK -678, -427, 38
OK -678, -427, 38
ERROR LINE 13: TURN has 2 parameters, you wrote 1
OK -666, -411, 38
OK -666, -411, 38
ERROR LINE 13: TURN has 2 parameters, you wrote 1
OK -654, -395, 38
OK -654, -395, 38
ERROR LINE 13: TURN has 2 parameters, you wrote 1
OK -642, -379, 38
OK -642, -379, 38
ERROR LINE 13: TURN has 2 parameters, you wrote 1
OK -630, -363, 38
OK -630, -363, 38
ERROR LINE 13: TURN has 2 parameters, you wrote 1
OK -618, -347, 38
OK -618, -347, 38
OK -630, -363, 38
OK -630, -363, 38
OK -630, -363, 45
OK -630, -363, 45
ERROR LINE 13: TURN has 2 parameters, you wrote 1
OK -616, -349, 45
OK -616, -349, 45
ERROR LINE 13: TURN has 2 parameters, you wrote 1
OK -602, -335, 45
OK -602, -335, 45
ERROR LINE 13: TURN has 2 parameters, you wrote 1
OK -588, -321, 45
OK -588, -321, 45
ERROR LINE 13: TURN has 2 parameters, you wrote 1
OK -574, -307, 45
OK -574, -307, 45
ERROR LINE 13: TURN has 2 parameters, you wrote 1
OK -560, -293, 45
OK -560, -293, 45
ERROR LINE 13: TURN has 2 parameters, you wrote 1
OK -546, -279, 45
OK -546, -279, 45
ERROR LINE 13: TURN has 2 parameters, you wrote 1
OK -532, -265, 45
OK -532, -265, 45
ERROR LINE 13: TURN has 2 parameters, you wrote 1
OK -518, -251, 45
OK -518, -251, 45
OK -532, -265, 45
OK -532, -265, 45
OK -532, -265, 52
OK -532, -265, 52
ERROR LINE 13: TURN has 2 parameters, you wrote 1
OK -516, -253, 52
OK -516, -253, 52
ERROR LINE 13: TURN has 2 parameters, you wrote 1
OK -500, -241, 52
OK -500, -241, 52
ERROR LINE 13: TURN has 2 parameters, you wrote 1
OK -484, -229, 52
OK -484, -229, 52
ERROR LINE 13: TURN has 2 parameters, you wrote 1
OK -468, -217, 52
OK -468, -217, 52
ERROR LINE 13: TURN has 2 parameters, you wrote 1
OK -452, -205, 52
OK -452, -205, 52
ERROR LINE 13: TURN has 2 parameters, you wrote 1
OK -436, -193, 52
OK -436, -193, 52
ERROR LINE 13: TURN has 2 parameters, you wrote 1
OK -420, -181, 52
OK -420, -181, 52
ERROR LINE 13: TURN has 2 parameters, you wrote 1
OK -404, -169, 52
OK -404, -169, 52
OK -420, -181, 52
OK -420, -181, 52
OK -420, -181, 59
OK -420, -181, 59
ERROR LINE 13: TURN has 2 parameters, you wrote 1
OK -403, -171, 59
OK -403, -171, 59
ERROR LINE 13: TURN has 2 parameters, you wrote 1
OK -386, -161, 59
OK -386, -161, 59
ERROR LINE 13: TURN has 2 parameters, you wrote 1
OK -369, -151, 59
OK -369, -151, 59
ERROR LINE 13: TURN has 2 parameters, you wrote 1
OK -352, -141, 59
OK -352, -141, 59
ERROR LINE 13: TURN has 2 parameters, you wrote 1
OK -335, -131, 59
OK -335, -131, 59
ERROR LINE 13: TURN has 2 parameters, you wrote 1
OK -318, -121, 59
OK -318, -121, 59
ERROR LINE 13: TURN has 2 parameters, you wrote 1
OK -301, -111, 59
OK -301, -111, 59
ERROR LINE 13: TURN has 2 parameters, you wrote 1
OK -284, -101, 59
OK -284, -101, 59
OK -301, -111, 59
OK -301, -111, 59
OK -301, -111, 66
OK -301, -111, 66
ERROR LINE 13: TURN has 2 parameters, you wrote 1
OK -283, -103, 66
OK -283, -103, 66
ERROR LINE 13: TURN has 2 parameters, you wrote 1
OK -265, -95, 66
OK -265, -95, 66
ERROR LINE 13: TURN has 2 parameters, you wrote 1
OK -247, -87, 66
OK -247, -87, 66
ERROR LINE 13: TURN has 2 parameters, you wrote 1
OK -229, -79, 66
OK -229, -79, 66
ERROR LINE 13: TURN has 2 parameters, you wrote 1
OK -211, -71, 66
OK -211, -71, 66
ERROR LINE 13: TURN has 2 parameters, you wrote 1
OK -193, -63, 66
OK -193, -63, 66
ERROR LINE 13: TURN has 2 parameters, you wrote 1
OK -175, -55, 66
OK -175, -55, 66
ERROR LINE 13: TURN has 2 parameters, you wrote 1
OK -157, -47, 66
OK -157, -47, 66
OK -175, -55, 66
OK -175, -55, 66
OK -175, -55, 73
OK -175, -55, 73
ERROR LINE 13: TURN has 2 parameters, you wrote 1
OK -156, -49, 73
OK -156, -49, 73
ERROR LINE 13: TURN has 2 parameters, you wrote 1
OK -137, -43, 73
OK -137, -43, 73
ERROR LINE 13: TURN has 2 parameters, you wrote 1
OK -118, -37, 73
OK -118, -37, 73
ERROR LINE 13: TURN has 2 parameters, you wrote 1
OK -99, -31, 73
OK -99, -31, 73
ERROR LINE 13: TURN has 2 parameters, you wrote 1
OK -80, -25, 73
OK -80, -25, 73
ERROR LINE 13: TURN has 2 parameters, you wrote 1
OK -61, -19, 73
OK -61, -19, 73
ERROR LINE 13: TURN has 2 parameters, you wrote 1
OK -42, -13, 73
OK -42, -13, 73
ERROR LINE 13: TURN has 2 parameters, you wrote 1
OK -23, -7, 73
OK -23, -7, 73
OK -42, -13, 73
OK -42, -13, 73
OK -42, -13, 80
OK -42, -13, 80
ERROR LINE 13: TURN has 2 parameters, you wrote 1
OK -22, -10, 80
OK -22, -10, 80
ERROR LINE 13: TURN has 2 parameters, you wrote 1
OK -2, -7, 80
OK -2, -7, 80
ERROR LINE 13: TURN has 2 parameters, you wrote 1
OK 18, -4, 80
OK 18, -4, 80
ERROR LINE 13: TURN has 2 parameters, you wrote 1
OK 38, -1, 80
OK 38, -1, 80
ERROR LINE 13: TURN has 2 parameters, you wrote 1
OK 58, 2, 80
OK 58, 2, 80
ERROR LINE 13: TURN has 2 parameters, you wrote 1
OK 78, 5, 80
OK 78, 5, 80
ERROR LINE 13: TURN has 2 parameters, you wrote 1
OK 98, 8, 80
OK 98, 8, 80
ERROR LINE 13: TURN has 2 parameters, you wrote 1
OK 118, 11, 80
OK 118, 11, 80
OK 98, 8, 80
OK 98, 8, 80
OK 0, 0, 80
