OK 0, 0, 90
OK 0, 0, 95
OK 0, 0, 95
OK 6, -1, 95
OK 6, -1, 95
OK 12, -2, 95
OK 12, -2, 95
OK 18, -3, 95
OK 18, -3, 95
OK 24, -4, 95
OK 24, -4, 95
OK 30, -5, 95
OK 30, -5, 95
OK 30, -5, 95
OK 30, -5, 100
OK 30, -5, 100
OK 36, -6, 100
OK 36, -6, 100
OK 42, -7, 100
OK 42, -7, 100
OK 48, -8, 100
OK 48, -8, 100
OK 54, -9, 100
OK 54, -9, 100
OK 60, -10, 100
OK 60, -10, 100
OK 60, -10, 100
OK 60, -10, 105
OK 60, -10, 105
OK 66, -12, 105
OK 66, -12, 105
OK 72, -14, 105
OK 72, -14, 105
OK 78, -16, 105
OK 78, -16, 105
OK 84, -18, 105
OK 84, -18, 105
OK 90, -20, 105
OK 90, -20, 105
OK 90, -20, 105
OK 90, -20, 110
OK 90, -20, 110
OK 96, -22, 110
OK 96, -22, 110
OK 102, -24, 110
OK 102, -24, 110
OK 108, -26, 110
OK 108, -26, 110
OK 114, -28, 110
OK 114, -28, 110
OK 120, -30, 110
OK 120, -30, 110
OK 120, -30, 110
OK 120, -30, 115
OK 120, -30, 115
OK 125, -33, 115
OK 125, -33, 115
OK 130, -36, 115
OK 130, -36, 115
OK 135, -39, 115
OK 135, -39, 115
OK 140, -42, 115
OK 140, -42, 115
OK 145, -45, 115
OK 145, -45, 115
OK 145, -45, 115
